{"/home/phill/Dev/phillhood/blurtz/client/src/components/ui/Button.tsx": {"path":"/home/phill/Dev/phillhood/blurtz/client/src/components/ui/Button.tsx","statementMap":{"0":{"start":{"line":10,"column":53},"end":{"line":17,"column":null}},"1":{"start":{"line":19,"column":45},"end":{"line":40,"column":null}},"2":{"start":{"line":25,"column":2},"end":{"line":38,"column":null}}},"fnMap":{"0":{"name":"(anonymous_0)","decl":{"start":{"line":19,"column":45},"end":{"line":19,"column":46}},"loc":{"start":{"line":24,"column":6},"end":{"line":40,"column":null}},"line":24}},"branchMap":{"0":{"loc":{"start":{"line":20,"column":2},"end":{"line":20,"column":null}},"type":"default-arg","locations":[{"start":{"line":20,"column":12},"end":{"line":20,"column":null}}],"line":20}},"s":{"0":3,"1":3,"2":21},"f":{"0":21},"b":{"0":[21]},"meta":{"lastBranch":1,"lastFunction":1,"lastStatement":3,"seen":{"s:10:53:17:Infinity":0,"s:19:45:40:Infinity":1,"f:19:45:19:46":0,"b:20:12:20:Infinity":0,"s:25:2:38:Infinity":2},"fnNames":{}}}
,"/home/phill/Dev/phillhood/blurtz/client/src/components/ui/Input.tsx": {"path":"/home/phill/Dev/phillhood/blurtz/client/src/components/ui/Input.tsx","statementMap":{"0":{"start":{"line":6,"column":43},"end":{"line":17,"column":null}},"1":{"start":{"line":7,"column":2},"end":{"line":15,"column":null}}},"fnMap":{"0":{"name":"(anonymous_0)","decl":{"start":{"line":6,"column":43},"end":{"line":6,"column":44}},"loc":{"start":{"line":6,"column":72},"end":{"line":17,"column":null}},"line":6}},"branchMap":{},"s":{"0":3,"1":15},"f":{"0":15},"b":{},"meta":{"lastBranch":0,"lastFunction":1,"lastStatement":2,"seen":{"s:6:43:17:Infinity":0,"f:6:43:6:44":0,"s:7:2:15:Infinity":1},"fnNames":{}}}
,"/home/phill/Dev/phillhood/blurtz/client/src/components/ui/Layout.tsx": {"path":"/home/phill/Dev/phillhood/blurtz/client/src/components/ui/Layout.tsx","statementMap":{"0":{"start":{"line":6,"column":51},"end":{"line":18,"column":null}},"1":{"start":{"line":7,"column":2},"end":{"line":16,"column":null}},"2":{"start":{"line":20,"column":52},"end":{"line":26,"column":null}},"3":{"start":{"line":21,"column":2},"end":{"line":24,"column":null}},"4":{"start":{"line":28,"column":43},"end":{"line":40,"column":null}},"5":{"start":{"line":29,"column":2},"end":{"line":38,"column":null}},"6":{"start":{"line":42,"column":73},"end":{"line":52,"column":null}},"7":{"start":{"line":47,"column":2},"end":{"line":50,"column":null}},"8":{"start":{"line":54,"column":67},"end":{"line":71,"column":null}},"9":{"start":{"line":59,"column":2},"end":{"line":69,"column":null}},"10":{"start":{"line":73,"column":51},"end":{"line":85,"column":null}},"11":{"start":{"line":74,"column":2},"end":{"line":83,"column":null}},"12":{"start":{"line":87,"column":53},"end":{"line":99,"column":null}},"13":{"start":{"line":88,"column":2},"end":{"line":97,"column":null}}},"fnMap":{"0":{"name":"(anonymous_0)","decl":{"start":{"line":6,"column":51},"end":{"line":6,"column":52}},"loc":{"start":{"line":6,"column":90},"end":{"line":18,"column":null}},"line":6},"1":{"name":"(anonymous_1)","decl":{"start":{"line":20,"column":52},"end":{"line":20,"column":53}},"loc":{"start":{"line":20,"column":91},"end":{"line":26,"column":null}},"line":20},"2":{"name":"(anonymous_2)","decl":{"start":{"line":28,"column":43},"end":{"line":28,"column":44}},"loc":{"start":{"line":28,"column":82},"end":{"line":40,"column":null}},"line":28},"3":{"name":"(anonymous_3)","decl":{"start":{"line":42,"column":73},"end":{"line":42,"column":74}},"loc":{"start":{"line":46,"column":6},"end":{"line":52,"column":null}},"line":46},"4":{"name":"(anonymous_4)","decl":{"start":{"line":54,"column":67},"end":{"line":54,"column":68}},"loc":{"start":{"line":58,"column":6},"end":{"line":71,"column":null}},"line":58},"5":{"name":"(anonymous_5)","decl":{"start":{"line":73,"column":51},"end":{"line":73,"column":52}},"loc":{"start":{"line":73,"column":90},"end":{"line":85,"column":null}},"line":73},"6":{"name":"(anonymous_6)","decl":{"start":{"line":87,"column":53},"end":{"line":87,"column":54}},"loc":{"start":{"line":87,"column":92},"end":{"line":99,"column":null}},"line":87}},"branchMap":{},"s":{"0":2,"1":0,"2":2,"3":0,"4":2,"5":0,"6":2,"7":0,"8":2,"9":0,"10":2,"11":0,"12":2,"13":0},"f":{"0":0,"1":0,"2":0,"3":0,"4":0,"5":0,"6":0},"b":{},"meta":{"lastBranch":0,"lastFunction":7,"lastStatement":14,"seen":{"s:6:51:18:Infinity":0,"f:6:51:6:52":0,"s:7:2:16:Infinity":1,"s:20:52:26:Infinity":2,"f:20:52:20:53":1,"s:21:2:24:Infinity":3,"s:28:43:40:Infinity":4,"f:28:43:28:44":2,"s:29:2:38:Infinity":5,"s:42:73:52:Infinity":6,"f:42:73:42:74":3,"s:47:2:50:Infinity":7,"s:54:67:71:Infinity":8,"f:54:67:54:68":4,"s:59:2:69:Infinity":9,"s:73:51:85:Infinity":10,"f:73:51:73:52":5,"s:74:2:83:Infinity":11,"s:87:53:99:Infinity":12,"f:87:53:87:54":6,"s:88:2:97:Infinity":13},"fnNames":{}}}
,"/home/phill/Dev/phillhood/blurtz/client/src/components/ui/game/BlurtzButton.tsx": {"path":"/home/phill/Dev/phillhood/blurtz/client/src/components/ui/game/BlurtzButton.tsx","statementMap":{"0":{"start":{"line":9,"column":57},"end":{"line":37,"column":null}},"1":{"start":{"line":16,"column":2},"end":{"line":35,"column":null}}},"fnMap":{"0":{"name":"(anonymous_0)","decl":{"start":{"line":9,"column":57},"end":{"line":9,"column":58}},"loc":{"start":{"line":15,"column":6},"end":{"line":37,"column":null}},"line":15}},"branchMap":{"0":{"loc":{"start":{"line":10,"column":2},"end":{"line":10,"column":null}},"type":"default-arg","locations":[{"start":{"line":10,"column":14},"end":{"line":10,"column":null}}],"line":10},"1":{"loc":{"start":{"line":11,"column":2},"end":{"line":11,"column":null}},"type":"default-arg","locations":[{"start":{"line":11,"column":18},"end":{"line":11,"column":null}}],"line":11},"2":{"loc":{"start":{"line":28,"column":8},"end":{"line":28,"column":null}},"type":"binary-expr","locations":[{"start":{"line":28,"column":8},"end":{"line":28,"column":25}},{"start":{"line":28,"column":25},"end":{"line":28,"column":null}}],"line":28},"3":{"loc":{"start":{"line":29,"column":8},"end":{"line":29,"column":null}},"type":"binary-expr","locations":[{"start":{"line":29,"column":8},"end":{"line":29,"column":21}},{"start":{"line":29,"column":21},"end":{"line":29,"column":null}}],"line":29}},"s":{"0":2,"1":0},"f":{"0":0},"b":{"0":[0],"1":[0],"2":[0,0],"3":[0,0]},"meta":{"lastBranch":4,"lastFunction":1,"lastStatement":2,"seen":{"s:9:57:37:Infinity":0,"f:9:57:9:58":0,"b:10:14:10:Infinity":0,"b:11:18:11:Infinity":1,"s:16:2:35:Infinity":1,"b:28:8:28:25:28:25:28:Infinity":2,"b:29:8:29:21:29:21:29:Infinity":3},"fnNames":{}}}
,"/home/phill/Dev/phillhood/blurtz/client/src/components/ui/game/GameCard.tsx": {"path":"/home/phill/Dev/phillhood/blurtz/client/src/components/ui/game/GameCard.tsx","statementMap":{"0":{"start":{"line":18,"column":13},"end":{"line":66,"column":null}},"1":{"start":{"line":34,"column":24},"end":{"line":34,"column":null}},"2":{"start":{"line":36,"column":37},"end":{"line":45,"column":null}},"3":{"start":{"line":47,"column":4},"end":{"line":63,"column":null}},"4":{"start":{"line":68,"column":0},"end":{"line":68,"column":null}},"5":{"start":{"line":70,"column":69},"end":{"line":86,"column":null}},"6":{"start":{"line":75,"column":2},"end":{"line":84,"column":null}},"7":{"start":{"line":90,"column":13},"end":{"line":108,"column":null}},"8":{"start":{"line":92,"column":4},"end":{"line":105,"column":null}},"9":{"start":{"line":110,"column":0},"end":{"line":110,"column":null}},"10":{"start":{"line":113,"column":34},"end":{"line":115,"column":null}},"11":{"start":{"line":114,"column":2},"end":{"line":114,"column":null}},"12":{"start":{"line":117,"column":30},"end":{"line":121,"column":null}},"13":{"start":{"line":118,"column":2},"end":{"line":120,"column":null}}},"fnMap":{"0":{"name":"(anonymous_0)","decl":{"start":{"line":19,"column":2},"end":{"line":19,"column":null}},"loc":{"start":{"line":33,"column":7},"end":{"line":65,"column":null}},"line":33},"1":{"name":"(anonymous_1)","decl":{"start":{"line":70,"column":69},"end":{"line":70,"column":70}},"loc":{"start":{"line":74,"column":6},"end":{"line":86,"column":null}},"line":74},"2":{"name":"(anonymous_2)","decl":{"start":{"line":91,"column":2},"end":{"line":91,"column":3}},"loc":{"start":{"line":91,"column":46},"end":{"line":107,"column":null}},"line":91},"3":{"name":"(anonymous_3)","decl":{"start":{"line":113,"column":34},"end":{"line":113,"column":35}},"loc":{"start":{"line":113,"column":64},"end":{"line":115,"column":null}},"line":113},"4":{"name":"(anonymous_4)","decl":{"start":{"line":117,"column":30},"end":{"line":117,"column":36}},"loc":{"start":{"line":117,"column":36},"end":{"line":121,"column":null}},"line":117}},"branchMap":{"0":{"loc":{"start":{"line":23,"column":6},"end":{"line":23,"column":null}},"type":"default-arg","locations":[{"start":{"line":23,"column":19},"end":{"line":23,"column":null}}],"line":23},"1":{"loc":{"start":{"line":24,"column":6},"end":{"line":24,"column":null}},"type":"default-arg","locations":[{"start":{"line":24,"column":16},"end":{"line":24,"column":null}}],"line":24},"2":{"loc":{"start":{"line":25,"column":6},"end":{"line":25,"column":null}},"type":"default-arg","locations":[{"start":{"line":25,"column":20},"end":{"line":25,"column":null}}],"line":25},"3":{"loc":{"start":{"line":26,"column":6},"end":{"line":26,"column":null}},"type":"default-arg","locations":[{"start":{"line":26,"column":27},"end":{"line":26,"column":null}}],"line":26},"4":{"loc":{"start":{"line":40,"column":19},"end":{"line":40,"column":null}},"type":"cond-expr","locations":[{"start":{"line":40,"column":29},"end":{"line":40,"column":41}},{"start":{"line":40,"column":41},"end":{"line":40,"column":null}}],"line":40},"5":{"loc":{"start":{"line":42,"column":19},"end":{"line":42,"column":null}},"type":"cond-expr","locations":[{"start":{"line":42,"column":29},"end":{"line":42,"column":41}},{"start":{"line":42,"column":41},"end":{"line":42,"column":null}}],"line":42},"6":{"loc":{"start":{"line":43,"column":15},"end":{"line":43,"column":null}},"type":"cond-expr","locations":[{"start":{"line":43,"column":28},"end":{"line":43,"column":34}},{"start":{"line":43,"column":34},"end":{"line":43,"column":null}}],"line":43},"7":{"loc":{"start":{"line":53,"column":10},"end":{"line":53,"column":null}},"type":"binary-expr","locations":[{"start":{"line":53,"column":10},"end":{"line":53,"column":33}},{"start":{"line":53,"column":33},"end":{"line":53,"column":null}}],"line":53},"8":{"loc":{"start":{"line":54,"column":10},"end":{"line":56,"column":null}},"type":"cond-expr","locations":[{"start":{"line":55,"column":14},"end":{"line":55,"column":null}},{"start":{"line":56,"column":14},"end":{"line":56,"column":null}}],"line":54},"9":{"loc":{"start":{"line":114,"column":9},"end":{"line":114,"column":null}},"type":"binary-expr","locations":[{"start":{"line":114,"column":9},"end":{"line":114,"column":23}},{"start":{"line":114,"column":23},"end":{"line":114,"column":37}},{"start":{"line":114,"column":37},"end":{"line":114,"column":null}}],"line":114}},"s":{"0":2,"1":0,"2":0,"3":0,"4":2,"5":2,"6":0,"7":2,"8":0,"9":2,"10":2,"11":0,"12":2,"13":0},"f":{"0":0,"1":0,"2":0,"3":0,"4":0},"b":{"0":[0],"1":[0],"2":[0],"3":[0],"4":[0,0],"5":[0,0],"6":[0,0],"7":[0,0],"8":[0,0],"9":[0,0,0]},"meta":{"lastBranch":10,"lastFunction":5,"lastStatement":14,"seen":{"s:18:13:66:Infinity":0,"f:19:2:19:Infinity":0,"b:23:19:23:Infinity":0,"b:24:16:24:Infinity":1,"b:25:20:25:Infinity":2,"b:26:27:26:Infinity":3,"s:34:24:34:Infinity":1,"s:36:37:45:Infinity":2,"b:40:29:40:41:40:41:40:Infinity":4,"b:42:29:42:41:42:41:42:Infinity":5,"b:43:28:43:34:43:34:43:Infinity":6,"s:47:4:63:Infinity":3,"b:53:10:53:33:53:33:53:Infinity":7,"b:55:14:55:Infinity:56:14:56:Infinity":8,"s:68:0:68:Infinity":4,"s:70:69:86:Infinity":5,"f:70:69:70:70":1,"s:75:2:84:Infinity":6,"s:90:13:108:Infinity":7,"f:91:2:91:3":2,"s:92:4:105:Infinity":8,"s:110:0:110:Infinity":9,"s:113:34:115:Infinity":10,"f:113:34:113:35":3,"s:114:2:114:Infinity":11,"b:114:9:114:23:114:23:114:37:114:37:114:Infinity":9,"s:117:30:121:Infinity":12,"f:117:30:117:36":4,"s:118:2:120:Infinity":13},"fnNames":{}}}
,"/home/phill/Dev/phillhood/blurtz/client/src/components/ui/game/GameLayout.tsx": {"path":"/home/phill/Dev/phillhood/blurtz/client/src/components/ui/game/GameLayout.tsx","statementMap":{"0":{"start":{"line":6,"column":52},"end":{"line":18,"column":null}},"1":{"start":{"line":7,"column":2},"end":{"line":16,"column":null}},"2":{"start":{"line":20,"column":48},"end":{"line":32,"column":null}},"3":{"start":{"line":21,"column":2},"end":{"line":30,"column":null}},"4":{"start":{"line":38,"column":57},"end":{"line":58,"column":null}},"5":{"start":{"line":44,"column":19},"end":{"line":44,"column":null}},"6":{"start":{"line":46,"column":2},"end":{"line":56,"column":null}},"7":{"start":{"line":60,"column":49},"end":{"line":72,"column":null}},"8":{"start":{"line":61,"column":2},"end":{"line":70,"column":null}},"9":{"start":{"line":74,"column":48},"end":{"line":80,"column":null}},"10":{"start":{"line":75,"column":2},"end":{"line":78,"column":null}},"11":{"start":{"line":82,"column":49},"end":{"line":91,"column":null}},"12":{"start":{"line":83,"column":2},"end":{"line":89,"column":null}}},"fnMap":{"0":{"name":"(anonymous_0)","decl":{"start":{"line":6,"column":52},"end":{"line":6,"column":53}},"loc":{"start":{"line":6,"column":91},"end":{"line":18,"column":null}},"line":6},"1":{"name":"(anonymous_1)","decl":{"start":{"line":20,"column":48},"end":{"line":20,"column":49}},"loc":{"start":{"line":20,"column":87},"end":{"line":32,"column":null}},"line":20},"2":{"name":"(anonymous_2)","decl":{"start":{"line":38,"column":57},"end":{"line":38,"column":58}},"loc":{"start":{"line":43,"column":6},"end":{"line":58,"column":null}},"line":43},"3":{"name":"(anonymous_3)","decl":{"start":{"line":60,"column":49},"end":{"line":60,"column":50}},"loc":{"start":{"line":60,"column":88},"end":{"line":72,"column":null}},"line":60},"4":{"name":"(anonymous_4)","decl":{"start":{"line":74,"column":48},"end":{"line":74,"column":49}},"loc":{"start":{"line":74,"column":87},"end":{"line":80,"column":null}},"line":74},"5":{"name":"(anonymous_5)","decl":{"start":{"line":82,"column":49},"end":{"line":82,"column":50}},"loc":{"start":{"line":82,"column":88},"end":{"line":91,"column":null}},"line":82}},"branchMap":{"0":{"loc":{"start":{"line":44,"column":19},"end":{"line":44,"column":null}},"type":"cond-expr","locations":[{"start":{"line":44,"column":40},"end":{"line":44,"column":50}},{"start":{"line":44,"column":50},"end":{"line":44,"column":null}}],"line":44},"1":{"loc":{"start":{"line":44,"column":50},"end":{"line":44,"column":null}},"type":"cond-expr","locations":[{"start":{"line":44,"column":72},"end":{"line":44,"column":82}},{"start":{"line":44,"column":82},"end":{"line":44,"column":null}}],"line":44}},"s":{"0":2,"1":12,"2":2,"3":7,"4":2,"5":7,"6":7,"7":2,"8":14,"9":2,"10":7,"11":2,"12":7},"f":{"0":12,"1":7,"2":7,"3":14,"4":7,"5":7},"b":{"0":[7,0],"1":[0,0]},"meta":{"lastBranch":2,"lastFunction":6,"lastStatement":13,"seen":{"s:6:52:18:Infinity":0,"f:6:52:6:53":0,"s:7:2:16:Infinity":1,"s:20:48:32:Infinity":2,"f:20:48:20:49":1,"s:21:2:30:Infinity":3,"s:38:57:58:Infinity":4,"f:38:57:38:58":2,"s:44:19:44:Infinity":5,"b:44:40:44:50:44:50:44:Infinity":0,"b:44:72:44:82:44:82:44:Infinity":1,"s:46:2:56:Infinity":6,"s:60:49:72:Infinity":7,"f:60:49:60:50":3,"s:61:2:70:Infinity":8,"s:74:48:80:Infinity":9,"f:74:48:74:49":4,"s:75:2:78:Infinity":10,"s:82:49:91:Infinity":11,"f:82:49:82:50":5,"s:83:2:89:Infinity":12},"fnNames":{}}}
,"/home/phill/Dev/phillhood/blurtz/client/src/components/ui/game/Piles.tsx": {"path":"/home/phill/Dev/phillhood/blurtz/client/src/components/ui/game/Piles.tsx","statementMap":{"0":{"start":{"line":6,"column":47},"end":{"line":23,"column":null}},"1":{"start":{"line":11,"column":2},"end":{"line":21,"column":null}},"2":{"start":{"line":25,"column":46},"end":{"line":35,"column":null}},"3":{"start":{"line":30,"column":2},"end":{"line":33,"column":null}},"4":{"start":{"line":37,"column":45},"end":{"line":53,"column":null}},"5":{"start":{"line":42,"column":2},"end":{"line":51,"column":null}},"6":{"start":{"line":55,"column":45},"end":{"line":74,"column":null}},"7":{"start":{"line":60,"column":2},"end":{"line":72,"column":null}},"8":{"start":{"line":76,"column":67},"end":{"line":92,"column":null}},"9":{"start":{"line":81,"column":2},"end":{"line":90,"column":null}},"10":{"start":{"line":94,"column":67},"end":{"line":110,"column":null}},"11":{"start":{"line":99,"column":2},"end":{"line":108,"column":null}}},"fnMap":{"0":{"name":"(anonymous_0)","decl":{"start":{"line":6,"column":47},"end":{"line":6,"column":48}},"loc":{"start":{"line":10,"column":6},"end":{"line":23,"column":null}},"line":10},"1":{"name":"(anonymous_1)","decl":{"start":{"line":25,"column":46},"end":{"line":25,"column":47}},"loc":{"start":{"line":29,"column":6},"end":{"line":35,"column":null}},"line":29},"2":{"name":"(anonymous_2)","decl":{"start":{"line":37,"column":45},"end":{"line":37,"column":46}},"loc":{"start":{"line":41,"column":6},"end":{"line":53,"column":null}},"line":41},"3":{"name":"(anonymous_3)","decl":{"start":{"line":55,"column":45},"end":{"line":55,"column":46}},"loc":{"start":{"line":59,"column":6},"end":{"line":74,"column":null}},"line":59},"4":{"name":"(anonymous_4)","decl":{"start":{"line":76,"column":67},"end":{"line":76,"column":68}},"loc":{"start":{"line":80,"column":6},"end":{"line":92,"column":null}},"line":80},"5":{"name":"(anonymous_5)","decl":{"start":{"line":94,"column":67},"end":{"line":94,"column":68}},"loc":{"start":{"line":98,"column":6},"end":{"line":110,"column":null}},"line":98}},"branchMap":{},"s":{"0":2,"1":0,"2":2,"3":0,"4":2,"5":0,"6":2,"7":0,"8":2,"9":7,"10":2,"11":0},"f":{"0":0,"1":0,"2":0,"3":0,"4":7,"5":0},"b":{},"meta":{"lastBranch":0,"lastFunction":6,"lastStatement":12,"seen":{"s:6:47:23:Infinity":0,"f:6:47:6:48":0,"s:11:2:21:Infinity":1,"s:25:46:35:Infinity":2,"f:25:46:25:47":1,"s:30:2:33:Infinity":3,"s:37:45:53:Infinity":4,"f:37:45:37:46":2,"s:42:2:51:Infinity":5,"s:55:45:74:Infinity":6,"f:55:45:55:46":3,"s:60:2:72:Infinity":7,"s:76:67:92:Infinity":8,"f:76:67:76:68":4,"s:81:2:90:Infinity":9,"s:94:67:110:Infinity":10,"f:94:67:94:68":5,"s:99:2:108:Infinity":11},"fnNames":{}}}
,"/home/phill/Dev/phillhood/blurtz/client/src/components/ui/game/PlayerArea.tsx": {"path":"/home/phill/Dev/phillhood/blurtz/client/src/components/ui/game/PlayerArea.tsx","statementMap":{"0":{"start":{"line":11,"column":25},"end":{"line":22,"column":null}},"1":{"start":{"line":12,"column":2},"end":{"line":21,"column":null}},"2":{"start":{"line":14,"column":6},"end":{"line":14,"column":null}},"3":{"start":{"line":16,"column":6},"end":{"line":16,"column":null}},"4":{"start":{"line":18,"column":6},"end":{"line":18,"column":null}},"5":{"start":{"line":20,"column":6},"end":{"line":20,"column":null}},"6":{"start":{"line":24,"column":28},"end":{"line":35,"column":null}},"7":{"start":{"line":25,"column":2},"end":{"line":34,"column":null}},"8":{"start":{"line":27,"column":6},"end":{"line":27,"column":null}},"9":{"start":{"line":29,"column":6},"end":{"line":29,"column":null}},"10":{"start":{"line":31,"column":6},"end":{"line":31,"column":null}},"11":{"start":{"line":33,"column":6},"end":{"line":33,"column":null}},"12":{"start":{"line":37,"column":53},"end":{"line":62,"column":null}},"13":{"start":{"line":46,"column":2},"end":{"line":60,"column":null}},"14":{"start":{"line":69,"column":49},"end":{"line":97,"column":null}},"15":{"start":{"line":77,"column":16},"end":{"line":77,"column":null}},"16":{"start":{"line":78,"column":19},"end":{"line":78,"column":null}},"17":{"start":{"line":80,"column":2},"end":{"line":95,"column":null}},"18":{"start":{"line":103,"column":53},"end":{"line":121,"column":null}},"19":{"start":{"line":109,"column":2},"end":{"line":119,"column":null}},"20":{"start":{"line":127,"column":57},"end":{"line":145,"column":null}},"21":{"start":{"line":133,"column":2},"end":{"line":143,"column":null}}},"fnMap":{"0":{"name":"(anonymous_0)","decl":{"start":{"line":11,"column":25},"end":{"line":11,"column":26}},"loc":{"start":{"line":11,"column":52},"end":{"line":22,"column":null}},"line":11},"1":{"name":"(anonymous_1)","decl":{"start":{"line":24,"column":28},"end":{"line":24,"column":29}},"loc":{"start":{"line":24,"column":55},"end":{"line":35,"column":null}},"line":24},"2":{"name":"(anonymous_2)","decl":{"start":{"line":37,"column":53},"end":{"line":37,"column":54}},"loc":{"start":{"line":45,"column":6},"end":{"line":62,"column":null}},"line":45},"3":{"name":"(anonymous_3)","decl":{"start":{"line":69,"column":49},"end":{"line":69,"column":50}},"loc":{"start":{"line":76,"column":6},"end":{"line":97,"column":null}},"line":76},"4":{"name":"(anonymous_4)","decl":{"start":{"line":103,"column":53},"end":{"line":103,"column":54}},"loc":{"start":{"line":108,"column":6},"end":{"line":121,"column":null}},"line":108},"5":{"name":"(anonymous_5)","decl":{"start":{"line":127,"column":57},"end":{"line":127,"column":58}},"loc":{"start":{"line":132,"column":6},"end":{"line":145,"column":null}},"line":132}},"branchMap":{"0":{"loc":{"start":{"line":12,"column":2},"end":{"line":21,"column":null}},"type":"switch","locations":[{"start":{"line":13,"column":4},"end":{"line":14,"column":null}},{"start":{"line":15,"column":4},"end":{"line":16,"column":null}},{"start":{"line":17,"column":4},"end":{"line":18,"column":null}},{"start":{"line":19,"column":4},"end":{"line":20,"column":null}}],"line":12},"1":{"loc":{"start":{"line":25,"column":2},"end":{"line":34,"column":null}},"type":"switch","locations":[{"start":{"line":26,"column":4},"end":{"line":27,"column":null}},{"start":{"line":28,"column":4},"end":{"line":29,"column":null}},{"start":{"line":30,"column":4},"end":{"line":31,"column":null}},{"start":{"line":32,"column":4},"end":{"line":33,"column":null}}],"line":25},"2":{"loc":{"start":{"line":38,"column":2},"end":{"line":38,"column":null}},"type":"default-arg","locations":[{"start":{"line":38,"column":15},"end":{"line":38,"column":null}}],"line":38},"3":{"loc":{"start":{"line":39,"column":2},"end":{"line":39,"column":null}},"type":"default-arg","locations":[{"start":{"line":39,"column":18},"end":{"line":39,"column":null}}],"line":39},"4":{"loc":{"start":{"line":40,"column":2},"end":{"line":40,"column":null}},"type":"default-arg","locations":[{"start":{"line":40,"column":20},"end":{"line":40,"column":null}}],"line":40},"5":{"loc":{"start":{"line":41,"column":2},"end":{"line":41,"column":null}},"type":"default-arg","locations":[{"start":{"line":41,"column":16},"end":{"line":41,"column":null}}],"line":41},"6":{"loc":{"start":{"line":50,"column":8},"end":{"line":52,"column":null}},"type":"cond-expr","locations":[{"start":{"line":51,"column":12},"end":{"line":51,"column":null}},{"start":{"line":52,"column":12},"end":{"line":52,"column":null}}],"line":50},"7":{"loc":{"start":{"line":53,"column":8},"end":{"line":53,"column":null}},"type":"binary-expr","locations":[{"start":{"line":53,"column":8},"end":{"line":53,"column":23}},{"start":{"line":53,"column":23},"end":{"line":53,"column":null}}],"line":53},"8":{"loc":{"start":{"line":54,"column":8},"end":{"line":54,"column":null}},"type":"binary-expr","locations":[{"start":{"line":54,"column":8},"end":{"line":54,"column":23}},{"start":{"line":54,"column":23},"end":{"line":54,"column":null}}],"line":54},"9":{"loc":{"start":{"line":70,"column":2},"end":{"line":70,"column":null}},"type":"default-arg","locations":[{"start":{"line":70,"column":15},"end":{"line":70,"column":null}}],"line":70},"10":{"loc":{"start":{"line":71,"column":2},"end":{"line":71,"column":null}},"type":"default-arg","locations":[{"start":{"line":71,"column":18},"end":{"line":71,"column":null}}],"line":71},"11":{"loc":{"start":{"line":77,"column":16},"end":{"line":77,"column":null}},"type":"cond-expr","locations":[{"start":{"line":77,"column":29},"end":{"line":77,"column":63}},{"start":{"line":77,"column":63},"end":{"line":77,"column":null}}],"line":77},"12":{"loc":{"start":{"line":78,"column":19},"end":{"line":78,"column":null}},"type":"cond-expr","locations":[{"start":{"line":78,"column":32},"end":{"line":78,"column":69}},{"start":{"line":78,"column":69},"end":{"line":78,"column":null}}],"line":78},"13":{"loc":{"start":{"line":84,"column":8},"end":{"line":84,"column":null}},"type":"cond-expr","locations":[{"start":{"line":84,"column":21},"end":{"line":84,"column":31}},{"start":{"line":84,"column":31},"end":{"line":84,"column":null}}],"line":84},"14":{"loc":{"start":{"line":104,"column":2},"end":{"line":104,"column":null}},"type":"default-arg","locations":[{"start":{"line":104,"column":15},"end":{"line":104,"column":null}}],"line":104},"15":{"loc":{"start":{"line":113,"column":8},"end":{"line":113,"column":null}},"type":"cond-expr","locations":[{"start":{"line":113,"column":21},"end":{"line":113,"column":33}},{"start":{"line":113,"column":33},"end":{"line":113,"column":null}}],"line":113},"16":{"loc":{"start":{"line":128,"column":2},"end":{"line":128,"column":null}},"type":"default-arg","locations":[{"start":{"line":128,"column":15},"end":{"line":128,"column":null}}],"line":128},"17":{"loc":{"start":{"line":137,"column":8},"end":{"line":137,"column":null}},"type":"cond-expr","locations":[{"start":{"line":137,"column":21},"end":{"line":137,"column":33}},{"start":{"line":137,"column":33},"end":{"line":137,"column":null}}],"line":137}},"s":{"0":2,"1":0,"2":0,"3":0,"4":0,"5":0,"6":2,"7":0,"8":0,"9":0,"10":0,"11":0,"12":2,"13":0,"14":2,"15":0,"16":0,"17":0,"18":2,"19":0,"20":2,"21":0},"f":{"0":0,"1":0,"2":0,"3":0,"4":0,"5":0},"b":{"0":[0,0,0,0],"1":[0,0,0,0],"2":[0],"3":[0],"4":[0],"5":[0],"6":[0,0],"7":[0,0],"8":[0,0],"9":[0],"10":[0],"11":[0,0],"12":[0,0],"13":[0,0],"14":[0],"15":[0,0],"16":[0],"17":[0,0]},"meta":{"lastBranch":18,"lastFunction":6,"lastStatement":22,"seen":{"s:11:25:22:Infinity":0,"f:11:25:11:26":0,"b:13:4:14:Infinity:15:4:16:Infinity:17:4:18:Infinity:19:4:20:Infinity":0,"s:12:2:21:Infinity":1,"s:14:6:14:Infinity":2,"s:16:6:16:Infinity":3,"s:18:6:18:Infinity":4,"s:20:6:20:Infinity":5,"s:24:28:35:Infinity":6,"f:24:28:24:29":1,"b:26:4:27:Infinity:28:4:29:Infinity:30:4:31:Infinity:32:4:33:Infinity":1,"s:25:2:34:Infinity":7,"s:27:6:27:Infinity":8,"s:29:6:29:Infinity":9,"s:31:6:31:Infinity":10,"s:33:6:33:Infinity":11,"s:37:53:62:Infinity":12,"f:37:53:37:54":2,"b:38:15:38:Infinity":2,"b:39:18:39:Infinity":3,"b:40:20:40:Infinity":4,"b:41:16:41:Infinity":5,"s:46:2:60:Infinity":13,"b:51:12:51:Infinity:52:12:52:Infinity":6,"b:53:8:53:23:53:23:53:Infinity":7,"b:54:8:54:23:54:23:54:Infinity":8,"s:69:49:97:Infinity":14,"f:69:49:69:50":3,"b:70:15:70:Infinity":9,"b:71:18:71:Infinity":10,"s:77:16:77:Infinity":15,"b:77:29:77:63:77:63:77:Infinity":11,"s:78:19:78:Infinity":16,"b:78:32:78:69:78:69:78:Infinity":12,"s:80:2:95:Infinity":17,"b:84:21:84:31:84:31:84:Infinity":13,"s:103:53:121:Infinity":18,"f:103:53:103:54":4,"b:104:15:104:Infinity":14,"s:109:2:119:Infinity":19,"b:113:21:113:33:113:33:113:Infinity":15,"s:127:57:145:Infinity":20,"f:127:57:127:58":5,"b:128:15:128:Infinity":16,"s:133:2:143:Infinity":21,"b:137:21:137:33:137:33:137:Infinity":17},"fnNames":{}}}
,"/home/phill/Dev/phillhood/blurtz/client/src/hooks/index.ts": {"path":"/home/phill/Dev/phillhood/blurtz/client/src/hooks/index.ts","statementMap":{},"fnMap":{},"branchMap":{},"s":{},"f":{},"b":{},"meta":{"lastBranch":0,"lastFunction":0,"lastStatement":0,"seen":{},"fnNames":{}}}
,"/home/phill/Dev/phillhood/blurtz/client/src/hooks/useAuthContext.ts": {"path":"/home/phill/Dev/phillhood/blurtz/client/src/hooks/useAuthContext.ts","statementMap":{"0":{"start":{"line":4,"column":30},"end":{"line":12,"column":null}},"1":{"start":{"line":5,"column":8},"end":{"line":5,"column":null}},"2":{"start":{"line":5,"column":39},"end":{"line":5,"column":49}},"3":{"start":{"line":6,"column":8},"end":{"line":6,"column":null}},"4":{"start":{"line":6,"column":42},"end":{"line":6,"column":55}},"5":{"start":{"line":7,"column":8},"end":{"line":7,"column":null}},"6":{"start":{"line":7,"column":40},"end":{"line":7,"column":51}},"7":{"start":{"line":8,"column":8},"end":{"line":8,"column":null}},"8":{"start":{"line":8,"column":43},"end":{"line":8,"column":57}},"9":{"start":{"line":9,"column":8},"end":{"line":9,"column":null}},"10":{"start":{"line":9,"column":41},"end":{"line":9,"column":53}},"11":{"start":{"line":11,"column":2},"end":{"line":11,"column":null}}},"fnMap":{"0":{"name":"(anonymous_0)","decl":{"start":{"line":4,"column":30},"end":{"line":4,"column":36}},"loc":{"start":{"line":4,"column":36},"end":{"line":12,"column":null}},"line":4},"1":{"name":"(anonymous_1)","decl":{"start":{"line":5,"column":28},"end":{"line":5,"column":29}},"loc":{"start":{"line":5,"column":39},"end":{"line":5,"column":49}},"line":5},"2":{"name":"(anonymous_2)","decl":{"start":{"line":6,"column":31},"end":{"line":6,"column":32}},"loc":{"start":{"line":6,"column":42},"end":{"line":6,"column":55}},"line":6},"3":{"name":"(anonymous_3)","decl":{"start":{"line":7,"column":29},"end":{"line":7,"column":30}},"loc":{"start":{"line":7,"column":40},"end":{"line":7,"column":51}},"line":7},"4":{"name":"(anonymous_4)","decl":{"start":{"line":8,"column":32},"end":{"line":8,"column":33}},"loc":{"start":{"line":8,"column":43},"end":{"line":8,"column":57}},"line":8},"5":{"name":"(anonymous_5)","decl":{"start":{"line":9,"column":30},"end":{"line":9,"column":31}},"loc":{"start":{"line":9,"column":41},"end":{"line":9,"column":53}},"line":9}},"branchMap":{},"s":{"0":1,"1":12,"2":32,"3":12,"4":32,"5":12,"6":32,"7":12,"8":32,"9":12,"10":32,"11":12},"f":{"0":12,"1":32,"2":32,"3":32,"4":32,"5":32},"b":{},"meta":{"lastBranch":0,"lastFunction":6,"lastStatement":12,"seen":{"s:4:30:12:Infinity":0,"f:4:30:4:36":0,"s:5:8:5:Infinity":1,"f:5:28:5:29":1,"s:5:39:5:49":2,"s:6:8:6:Infinity":3,"f:6:31:6:32":2,"s:6:42:6:55":4,"s:7:8:7:Infinity":5,"f:7:29:7:30":3,"s:7:40:7:51":6,"s:8:8:8:Infinity":7,"f:8:32:8:33":4,"s:8:43:8:57":8,"s:9:8:9:Infinity":9,"f:9:30:9:31":5,"s:9:41:9:53":10,"s:11:2:11:Infinity":11},"fnNames":{}}}
,"/home/phill/Dev/phillhood/blurtz/client/src/hooks/useGameContext.ts": {"path":"/home/phill/Dev/phillhood/blurtz/client/src/hooks/useGameContext.ts","statementMap":{"0":{"start":{"line":6,"column":30},"end":{"line":129,"column":null}},"1":{"start":{"line":7,"column":8},"end":{"line":7,"column":null}},"2":{"start":{"line":7,"column":39},"end":{"line":7,"column":49}},"3":{"start":{"line":8,"column":8},"end":{"line":8,"column":null}},"4":{"start":{"line":8,"column":44},"end":{"line":8,"column":59}},"5":{"start":{"line":9,"column":8},"end":{"line":9,"column":null}},"6":{"start":{"line":9,"column":44},"end":{"line":9,"column":59}},"7":{"start":{"line":10,"column":8},"end":{"line":10,"column":null}},"8":{"start":{"line":10,"column":40},"end":{"line":10,"column":51}},"9":{"start":{"line":11,"column":8},"end":{"line":11,"column":null}},"10":{"start":{"line":11,"column":45},"end":{"line":11,"column":61}},"11":{"start":{"line":12,"column":8},"end":{"line":12,"column":null}},"12":{"start":{"line":12,"column":48},"end":{"line":12,"column":67}},"13":{"start":{"line":13,"column":8},"end":{"line":13,"column":null}},"14":{"start":{"line":13,"column":53},"end":{"line":13,"column":77}},"15":{"start":{"line":14,"column":8},"end":{"line":14,"column":null}},"16":{"start":{"line":14,"column":51},"end":{"line":14,"column":73}},"17":{"start":{"line":17,"column":8},"end":{"line":17,"column":null}},"18":{"start":{"line":17,"column":48},"end":{"line":17,"column":62}},"19":{"start":{"line":18,"column":8},"end":{"line":18,"column":null}},"20":{"start":{"line":18,"column":57},"end":{"line":18,"column":80}},"21":{"start":{"line":19,"column":8},"end":{"line":19,"column":null}},"22":{"start":{"line":19,"column":49},"end":{"line":19,"column":64}},"23":{"start":{"line":20,"column":8},"end":{"line":20,"column":null}},"24":{"start":{"line":20,"column":48},"end":{"line":20,"column":62}},"25":{"start":{"line":21,"column":8},"end":{"line":21,"column":null}},"26":{"start":{"line":21,"column":48},"end":{"line":21,"column":62}},"27":{"start":{"line":22,"column":8},"end":{"line":22,"column":null}},"28":{"start":{"line":22,"column":52},"end":{"line":22,"column":70}},"29":{"start":{"line":23,"column":8},"end":{"line":23,"column":null}},"30":{"start":{"line":23,"column":49},"end":{"line":23,"column":64}},"31":{"start":{"line":24,"column":8},"end":{"line":24,"column":null}},"32":{"start":{"line":24,"column":51},"end":{"line":24,"column":68}},"33":{"start":{"line":25,"column":8},"end":{"line":25,"column":null}},"34":{"start":{"line":25,"column":49},"end":{"line":25,"column":64}},"35":{"start":{"line":26,"column":8},"end":{"line":26,"column":null}},"36":{"start":{"line":26,"column":54},"end":{"line":26,"column":74}},"37":{"start":{"line":28,"column":24},"end":{"line":28,"column":null}},"38":{"start":{"line":31,"column":8},"end":{"line":38,"column":null}},"39":{"start":{"line":33,"column":6},"end":{"line":35,"column":null}},"40":{"start":{"line":34,"column":8},"end":{"line":34,"column":null}},"41":{"start":{"line":40,"column":8},"end":{"line":52,"column":null}},"42":{"start":{"line":46,"column":6},"end":{"line":48,"column":null}},"43":{"start":{"line":47,"column":8},"end":{"line":47,"column":null}},"44":{"start":{"line":49,"column":6},"end":{"line":49,"column":null}},"45":{"start":{"line":54,"column":8},"end":{"line":61,"column":null}},"46":{"start":{"line":56,"column":6},"end":{"line":58,"column":null}},"47":{"start":{"line":57,"column":8},"end":{"line":57,"column":null}},"48":{"start":{"line":63,"column":8},"end":{"line":70,"column":null}},"49":{"start":{"line":65,"column":6},"end":{"line":67,"column":null}},"50":{"start":{"line":66,"column":8},"end":{"line":66,"column":null}},"51":{"start":{"line":72,"column":8},"end":{"line":79,"column":null}},"52":{"start":{"line":74,"column":6},"end":{"line":76,"column":null}},"53":{"start":{"line":75,"column":8},"end":{"line":75,"column":null}},"54":{"start":{"line":81,"column":8},"end":{"line":85,"column":null}},"55":{"start":{"line":82,"column":4},"end":{"line":84,"column":null}},"56":{"start":{"line":83,"column":6},"end":{"line":83,"column":null}},"57":{"start":{"line":87,"column":8},"end":{"line":91,"column":null}},"58":{"start":{"line":88,"column":4},"end":{"line":90,"column":null}},"59":{"start":{"line":89,"column":6},"end":{"line":89,"column":null}},"60":{"start":{"line":93,"column":8},"end":{"line":100,"column":null}},"61":{"start":{"line":95,"column":6},"end":{"line":97,"column":null}},"62":{"start":{"line":96,"column":8},"end":{"line":96,"column":null}},"63":{"start":{"line":102,"column":8},"end":{"line":104,"column":null}},"64":{"start":{"line":103,"column":4},"end":{"line":103,"column":null}},"65":{"start":{"line":106,"column":8},"end":{"line":108,"column":null}},"66":{"start":{"line":107,"column":4},"end":{"line":107,"column":null}},"67":{"start":{"line":110,"column":2},"end":{"line":128,"column":null}}},"fnMap":{"0":{"name":"(anonymous_0)","decl":{"start":{"line":6,"column":30},"end":{"line":6,"column":36}},"loc":{"start":{"line":6,"column":36},"end":{"line":129,"column":null}},"line":6},"1":{"name":"(anonymous_1)","decl":{"start":{"line":7,"column":28},"end":{"line":7,"column":29}},"loc":{"start":{"line":7,"column":39},"end":{"line":7,"column":49}},"line":7},"2":{"name":"(anonymous_2)","decl":{"start":{"line":8,"column":33},"end":{"line":8,"column":34}},"loc":{"start":{"line":8,"column":44},"end":{"line":8,"column":59}},"line":8},"3":{"name":"(anonymous_3)","decl":{"start":{"line":9,"column":33},"end":{"line":9,"column":34}},"loc":{"start":{"line":9,"column":44},"end":{"line":9,"column":59}},"line":9},"4":{"name":"(anonymous_4)","decl":{"start":{"line":10,"column":29},"end":{"line":10,"column":30}},"loc":{"start":{"line":10,"column":40},"end":{"line":10,"column":51}},"line":10},"5":{"name":"(anonymous_5)","decl":{"start":{"line":11,"column":34},"end":{"line":11,"column":35}},"loc":{"start":{"line":11,"column":45},"end":{"line":11,"column":61}},"line":11},"6":{"name":"(anonymous_6)","decl":{"start":{"line":12,"column":37},"end":{"line":12,"column":38}},"loc":{"start":{"line":12,"column":48},"end":{"line":12,"column":67}},"line":12},"7":{"name":"(anonymous_7)","decl":{"start":{"line":13,"column":42},"end":{"line":13,"column":43}},"loc":{"start":{"line":13,"column":53},"end":{"line":13,"column":77}},"line":13},"8":{"name":"(anonymous_8)","decl":{"start":{"line":14,"column":40},"end":{"line":14,"column":41}},"loc":{"start":{"line":14,"column":51},"end":{"line":14,"column":73}},"line":14},"9":{"name":"(anonymous_9)","decl":{"start":{"line":17,"column":37},"end":{"line":17,"column":38}},"loc":{"start":{"line":17,"column":48},"end":{"line":17,"column":62}},"line":17},"10":{"name":"(anonymous_10)","decl":{"start":{"line":18,"column":46},"end":{"line":18,"column":47}},"loc":{"start":{"line":18,"column":57},"end":{"line":18,"column":80}},"line":18},"11":{"name":"(anonymous_11)","decl":{"start":{"line":19,"column":38},"end":{"line":19,"column":39}},"loc":{"start":{"line":19,"column":49},"end":{"line":19,"column":64}},"line":19},"12":{"name":"(anonymous_12)","decl":{"start":{"line":20,"column":37},"end":{"line":20,"column":38}},"loc":{"start":{"line":20,"column":48},"end":{"line":20,"column":62}},"line":20},"13":{"name":"(anonymous_13)","decl":{"start":{"line":21,"column":37},"end":{"line":21,"column":38}},"loc":{"start":{"line":21,"column":48},"end":{"line":21,"column":62}},"line":21},"14":{"name":"(anonymous_14)","decl":{"start":{"line":22,"column":41},"end":{"line":22,"column":42}},"loc":{"start":{"line":22,"column":52},"end":{"line":22,"column":70}},"line":22},"15":{"name":"(anonymous_15)","decl":{"start":{"line":23,"column":38},"end":{"line":23,"column":39}},"loc":{"start":{"line":23,"column":49},"end":{"line":23,"column":64}},"line":23},"16":{"name":"(anonymous_16)","decl":{"start":{"line":24,"column":40},"end":{"line":24,"column":41}},"loc":{"start":{"line":24,"column":51},"end":{"line":24,"column":68}},"line":24},"17":{"name":"(anonymous_17)","decl":{"start":{"line":25,"column":38},"end":{"line":25,"column":39}},"loc":{"start":{"line":25,"column":49},"end":{"line":25,"column":64}},"line":25},"18":{"name":"(anonymous_18)","decl":{"start":{"line":26,"column":43},"end":{"line":26,"column":44}},"loc":{"start":{"line":26,"column":54},"end":{"line":26,"column":74}},"line":26},"19":{"name":"(anonymous_19)","decl":{"start":{"line":32,"column":4},"end":{"line":32,"column":5}},"loc":{"start":{"line":32,"column":24},"end":{"line":36,"column":null}},"line":32},"20":{"name":"(anonymous_20)","decl":{"start":{"line":41,"column":4},"end":{"line":41,"column":null}},"loc":{"start":{"line":45,"column":31},"end":{"line":50,"column":null}},"line":45},"21":{"name":"(anonymous_21)","decl":{"start":{"line":55,"column":4},"end":{"line":55,"column":5}},"loc":{"start":{"line":55,"column":25},"end":{"line":59,"column":null}},"line":55},"22":{"name":"(anonymous_22)","decl":{"start":{"line":64,"column":4},"end":{"line":64,"column":5}},"loc":{"start":{"line":64,"column":62},"end":{"line":68,"column":null}},"line":64},"23":{"name":"(anonymous_23)","decl":{"start":{"line":73,"column":4},"end":{"line":73,"column":5}},"loc":{"start":{"line":73,"column":24},"end":{"line":77,"column":null}},"line":73},"24":{"name":"(anonymous_24)","decl":{"start":{"line":81,"column":35},"end":{"line":81,"column":41}},"loc":{"start":{"line":81,"column":41},"end":{"line":85,"column":5}},"line":81},"25":{"name":"(anonymous_25)","decl":{"start":{"line":87,"column":32},"end":{"line":87,"column":38}},"loc":{"start":{"line":87,"column":38},"end":{"line":91,"column":5}},"line":87},"26":{"name":"(anonymous_26)","decl":{"start":{"line":94,"column":4},"end":{"line":94,"column":5}},"loc":{"start":{"line":94,"column":26},"end":{"line":98,"column":null}},"line":94},"27":{"name":"(anonymous_27)","decl":{"start":{"line":102,"column":32},"end":{"line":102,"column":38}},"loc":{"start":{"line":102,"column":38},"end":{"line":104,"column":5}},"line":102},"28":{"name":"(anonymous_28)","decl":{"start":{"line":106,"column":37},"end":{"line":106,"column":43}},"loc":{"start":{"line":106,"column":43},"end":{"line":108,"column":5}},"line":106}},"branchMap":{"0":{"loc":{"start":{"line":33,"column":6},"end":{"line":35,"column":null}},"type":"if","locations":[{"start":{"line":33,"column":6},"end":{"line":35,"column":null}},{"start":{},"end":{}}],"line":33},"1":{"loc":{"start":{"line":46,"column":6},"end":{"line":48,"column":null}},"type":"if","locations":[{"start":{"line":46,"column":6},"end":{"line":48,"column":null}},{"start":{},"end":{}}],"line":46},"2":{"loc":{"start":{"line":55,"column":5},"end":{"line":55,"column":25}},"type":"default-arg","locations":[{"start":{"line":55,"column":15},"end":{"line":55,"column":25}}],"line":55},"3":{"loc":{"start":{"line":56,"column":6},"end":{"line":58,"column":null}},"type":"if","locations":[{"start":{"line":56,"column":6},"end":{"line":58,"column":null}},{"start":{},"end":{}}],"line":56},"4":{"loc":{"start":{"line":65,"column":6},"end":{"line":67,"column":null}},"type":"if","locations":[{"start":{"line":65,"column":6},"end":{"line":67,"column":null}},{"start":{},"end":{}}],"line":65},"5":{"loc":{"start":{"line":74,"column":6},"end":{"line":76,"column":null}},"type":"if","locations":[{"start":{"line":74,"column":6},"end":{"line":76,"column":null}},{"start":{},"end":{}}],"line":74},"6":{"loc":{"start":{"line":82,"column":4},"end":{"line":84,"column":null}},"type":"if","locations":[{"start":{"line":82,"column":4},"end":{"line":84,"column":null}},{"start":{},"end":{}}],"line":82},"7":{"loc":{"start":{"line":88,"column":4},"end":{"line":90,"column":null}},"type":"if","locations":[{"start":{"line":88,"column":4},"end":{"line":90,"column":null}},{"start":{},"end":{}}],"line":88},"8":{"loc":{"start":{"line":95,"column":6},"end":{"line":97,"column":null}},"type":"if","locations":[{"start":{"line":95,"column":6},"end":{"line":97,"column":null}},{"start":{},"end":{}}],"line":95}},"s":{"0":1,"1":26,"2":74,"3":26,"4":101,"5":26,"6":101,"7":26,"8":101,"9":26,"10":101,"11":26,"12":101,"13":26,"14":101,"15":26,"16":101,"17":26,"18":101,"19":26,"20":101,"21":26,"22":101,"23":26,"24":101,"25":26,"26":101,"27":26,"28":101,"29":26,"30":101,"31":26,"32":101,"33":26,"34":101,"35":26,"36":101,"37":26,"38":26,"39":4,"40":4,"41":26,"42":0,"43":0,"44":0,"45":26,"46":0,"47":0,"48":26,"49":0,"50":0,"51":26,"52":0,"53":0,"54":26,"55":0,"56":0,"57":26,"58":0,"59":0,"60":26,"61":0,"62":0,"63":26,"64":0,"65":26,"66":0,"67":26},"f":{"0":26,"1":74,"2":101,"3":101,"4":101,"5":101,"6":101,"7":101,"8":101,"9":101,"10":101,"11":101,"12":101,"13":101,"14":101,"15":101,"16":101,"17":101,"18":101,"19":4,"20":0,"21":0,"22":0,"23":0,"24":0,"25":0,"26":0,"27":0,"28":0},"b":{"0":[4,0],"1":[0,0],"2":[0],"3":[0,0],"4":[0,0],"5":[0,0],"6":[0,0],"7":[0,0],"8":[0,0]},"meta":{"lastBranch":9,"lastFunction":29,"lastStatement":68,"seen":{"s:6:30:129:Infinity":0,"f:6:30:6:36":0,"s:7:8:7:Infinity":1,"f:7:28:7:29":1,"s:7:39:7:49":2,"s:8:8:8:Infinity":3,"f:8:33:8:34":2,"s:8:44:8:59":4,"s:9:8:9:Infinity":5,"f:9:33:9:34":3,"s:9:44:9:59":6,"s:10:8:10:Infinity":7,"f:10:29:10:30":4,"s:10:40:10:51":8,"s:11:8:11:Infinity":9,"f:11:34:11:35":5,"s:11:45:11:61":10,"s:12:8:12:Infinity":11,"f:12:37:12:38":6,"s:12:48:12:67":12,"s:13:8:13:Infinity":13,"f:13:42:13:43":7,"s:13:53:13:77":14,"s:14:8:14:Infinity":15,"f:14:40:14:41":8,"s:14:51:14:73":16,"s:17:8:17:Infinity":17,"f:17:37:17:38":9,"s:17:48:17:62":18,"s:18:8:18:Infinity":19,"f:18:46:18:47":10,"s:18:57:18:80":20,"s:19:8:19:Infinity":21,"f:19:38:19:39":11,"s:19:49:19:64":22,"s:20:8:20:Infinity":23,"f:20:37:20:38":12,"s:20:48:20:62":24,"s:21:8:21:Infinity":25,"f:21:37:21:38":13,"s:21:48:21:62":26,"s:22:8:22:Infinity":27,"f:22:41:22:42":14,"s:22:52:22:70":28,"s:23:8:23:Infinity":29,"f:23:38:23:39":15,"s:23:49:23:64":30,"s:24:8:24:Infinity":31,"f:24:40:24:41":16,"s:24:51:24:68":32,"s:25:8:25:Infinity":33,"f:25:38:25:39":17,"s:25:49:25:64":34,"s:26:8:26:Infinity":35,"f:26:43:26:44":18,"s:26:54:26:74":36,"s:28:24:28:Infinity":37,"s:31:8:38:Infinity":38,"f:32:4:32:5":19,"b:33:6:35:Infinity:undefined:undefined:undefined:undefined":0,"s:33:6:35:Infinity":39,"s:34:8:34:Infinity":40,"s:40:8:52:Infinity":41,"f:41:4:41:Infinity":20,"b:46:6:48:Infinity:undefined:undefined:undefined:undefined":1,"s:46:6:48:Infinity":42,"s:47:8:47:Infinity":43,"s:49:6:49:Infinity":44,"s:54:8:61:Infinity":45,"f:55:4:55:5":21,"b:55:15:55:25":2,"b:56:6:58:Infinity:undefined:undefined:undefined:undefined":3,"s:56:6:58:Infinity":46,"s:57:8:57:Infinity":47,"s:63:8:70:Infinity":48,"f:64:4:64:5":22,"b:65:6:67:Infinity:undefined:undefined:undefined:undefined":4,"s:65:6:67:Infinity":49,"s:66:8:66:Infinity":50,"s:72:8:79:Infinity":51,"f:73:4:73:5":23,"b:74:6:76:Infinity:undefined:undefined:undefined:undefined":5,"s:74:6:76:Infinity":52,"s:75:8:75:Infinity":53,"s:81:8:85:Infinity":54,"f:81:35:81:41":24,"b:82:4:84:Infinity:undefined:undefined:undefined:undefined":6,"s:82:4:84:Infinity":55,"s:83:6:83:Infinity":56,"s:87:8:91:Infinity":57,"f:87:32:87:38":25,"b:88:4:90:Infinity:undefined:undefined:undefined:undefined":7,"s:88:4:90:Infinity":58,"s:89:6:89:Infinity":59,"s:93:8:100:Infinity":60,"f:94:4:94:5":26,"b:95:6:97:Infinity:undefined:undefined:undefined:undefined":8,"s:95:6:97:Infinity":61,"s:96:8:96:Infinity":62,"s:102:8:104:Infinity":63,"f:102:32:102:38":27,"s:103:4:103:Infinity":64,"s:106:8:108:Infinity":65,"f:106:37:106:43":28,"s:107:4:107:Infinity":66,"s:110:2:128:Infinity":67},"fnNames":{}}}
,"/home/phill/Dev/phillhood/blurtz/client/src/hooks/useGames.ts": {"path":"/home/phill/Dev/phillhood/blurtz/client/src/hooks/useGames.ts","statementMap":{"0":{"start":{"line":4,"column":24},"end":{"line":32,"column":null}},"1":{"start":{"line":5,"column":8},"end":{"line":5,"column":null}},"2":{"start":{"line":5,"column":41},"end":{"line":5,"column":55}},"3":{"start":{"line":12,"column":2},"end":{"line":12,"column":null}},"4":{"start":{"line":19,"column":2},"end":{"line":19,"column":null}},"5":{"start":{"line":21,"column":18},"end":{"line":23,"column":null}},"6":{"start":{"line":22,"column":4},"end":{"line":22,"column":null}},"7":{"start":{"line":25,"column":2},"end":{"line":31,"column":null}}},"fnMap":{"0":{"name":"(anonymous_0)","decl":{"start":{"line":4,"column":24},"end":{"line":4,"column":30}},"loc":{"start":{"line":4,"column":30},"end":{"line":32,"column":null}},"line":4},"1":{"name":"(anonymous_1)","decl":{"start":{"line":5,"column":30},"end":{"line":5,"column":31}},"loc":{"start":{"line":5,"column":41},"end":{"line":5,"column":55}},"line":5},"2":{"name":"(anonymous_2)","decl":{"start":{"line":21,"column":18},"end":{"line":21,"column":30}},"loc":{"start":{"line":21,"column":30},"end":{"line":23,"column":null}},"line":21}},"branchMap":{"0":{"loc":{"start":{"line":8,"column":10},"end":{"line":8,"column":null}},"type":"default-arg","locations":[{"start":{"line":8,"column":27},"end":{"line":8,"column":null}}],"line":8},"1":{"loc":{"start":{"line":15,"column":10},"end":{"line":15,"column":null}},"type":"default-arg","locations":[{"start":{"line":15,"column":24},"end":{"line":15,"column":null}}],"line":15},"2":{"loc":{"start":{"line":28,"column":13},"end":{"line":28,"column":null}},"type":"binary-expr","locations":[{"start":{"line":28,"column":13},"end":{"line":28,"column":35}},{"start":{"line":28,"column":35},"end":{"line":28,"column":null}}],"line":28},"3":{"loc":{"start":{"line":29,"column":11},"end":{"line":29,"column":null}},"type":"binary-expr","locations":[{"start":{"line":29,"column":11},"end":{"line":29,"column":38}},{"start":{"line":29,"column":38},"end":{"line":29,"column":62}},{"start":{"line":29,"column":62},"end":{"line":29,"column":null}}],"line":29}},"s":{"0":2,"1":11,"2":11,"3":11,"4":11,"5":11,"6":1,"7":11},"f":{"0":11,"1":11,"2":1},"b":{"0":[11],"1":[11],"2":[11,5],"3":[11,10,10]},"meta":{"lastBranch":4,"lastFunction":3,"lastStatement":8,"seen":{"s:4:24:32:Infinity":0,"f:4:24:4:30":0,"s:5:8:5:Infinity":1,"f:5:30:5:31":1,"s:5:41:5:55":2,"s:12:2:12:Infinity":3,"b:8:27:8:Infinity":0,"s:19:2:19:Infinity":4,"b:15:24:15:Infinity":1,"s:21:18:23:Infinity":5,"f:21:18:21:30":2,"s:22:4:22:Infinity":6,"s:25:2:31:Infinity":7,"b:28:13:28:35:28:35:28:Infinity":2,"b:29:11:29:38:29:38:29:62:29:62:29:Infinity":3},"fnNames":{}}}
,"/home/phill/Dev/phillhood/blurtz/client/src/hooks/useUserStats.ts": {"path":"/home/phill/Dev/phillhood/blurtz/client/src/hooks/useUserStats.ts","statementMap":{"0":{"start":{"line":4,"column":28},"end":{"line":17,"column":null}},"1":{"start":{"line":5,"column":2},"end":{"line":16,"column":null}},"2":{"start":{"line":6,"column":4},"end":{"line":8,"column":null}},"3":{"start":{"line":7,"column":6},"end":{"line":7,"column":null}},"4":{"start":{"line":10,"column":24},"end":{"line":10,"column":null}},"5":{"start":{"line":11,"column":21},"end":{"line":11,"column":null}},"6":{"start":{"line":13,"column":6},"end":{"line":13,"column":null}},"7":{"start":{"line":15,"column":4},"end":{"line":15,"column":null}}},"fnMap":{"0":{"name":"(anonymous_0)","decl":{"start":{"line":4,"column":28},"end":{"line":4,"column":29}},"loc":{"start":{"line":4,"column":62},"end":{"line":17,"column":null}},"line":4},"1":{"name":"(anonymous_1)","decl":{"start":{"line":5,"column":17},"end":{"line":5,"column":23}},"loc":{"start":{"line":5,"column":23},"end":{"line":16,"column":5}},"line":5}},"branchMap":{"0":{"loc":{"start":{"line":6,"column":4},"end":{"line":8,"column":null}},"type":"if","locations":[{"start":{"line":6,"column":4},"end":{"line":8,"column":null}},{"start":{},"end":{}}],"line":6},"1":{"loc":{"start":{"line":10,"column":24},"end":{"line":10,"column":null}},"type":"binary-expr","locations":[{"start":{"line":10,"column":24},"end":{"line":10,"column":44}},{"start":{"line":10,"column":44},"end":{"line":10,"column":null}}],"line":10},"2":{"loc":{"start":{"line":11,"column":21},"end":{"line":11,"column":null}},"type":"binary-expr","locations":[{"start":{"line":11,"column":21},"end":{"line":11,"column":38}},{"start":{"line":11,"column":38},"end":{"line":11,"column":null}}],"line":11},"3":{"loc":{"start":{"line":13,"column":6},"end":{"line":13,"column":null}},"type":"cond-expr","locations":[{"start":{"line":13,"column":24},"end":{"line":13,"column":69}},{"start":{"line":13,"column":69},"end":{"line":13,"column":null}}],"line":13}},"s":{"0":1,"1":0,"2":0,"3":0,"4":0,"5":0,"6":0,"7":0},"f":{"0":0,"1":0},"b":{"0":[0,0],"1":[0,0],"2":[0,0],"3":[0,0]},"meta":{"lastBranch":4,"lastFunction":2,"lastStatement":8,"seen":{"s:4:28:17:Infinity":0,"f:4:28:4:29":0,"s:5:2:16:Infinity":1,"f:5:17:5:23":1,"b:6:4:8:Infinity:undefined:undefined:undefined:undefined":0,"s:6:4:8:Infinity":2,"s:7:6:7:Infinity":3,"s:10:24:10:Infinity":4,"b:10:24:10:44:10:44:10:Infinity":1,"s:11:21:11:Infinity":5,"b:11:21:11:38:11:38:11:Infinity":2,"s:13:6:13:Infinity":6,"b:13:24:13:69:13:69:13:Infinity":3,"s:15:4:15:Infinity":7},"fnNames":{}}}
,"/home/phill/Dev/phillhood/blurtz/client/src/hooks/queries/useGamesQuery.ts": {"path":"/home/phill/Dev/phillhood/blurtz/client/src/hooks/queries/useGamesQuery.ts","statementMap":{"0":{"start":{"line":6,"column":24},"end":{"line":11,"column":null}},"1":{"start":{"line":8,"column":18},"end":{"line":8,"column":null}},"2":{"start":{"line":9,"column":30},"end":{"line":9,"column":null}},"3":{"start":{"line":10,"column":26},"end":{"line":10,"column":null}},"4":{"start":{"line":14,"column":31},"end":{"line":19,"column":null}},"5":{"start":{"line":15,"column":2},"end":{"line":18,"column":null}},"6":{"start":{"line":17,"column":19},"end":{"line":17,"column":null}},"7":{"start":{"line":21,"column":30},"end":{"line":27,"column":null}},"8":{"start":{"line":22,"column":2},"end":{"line":26,"column":null}},"9":{"start":{"line":24,"column":19},"end":{"line":24,"column":null}},"10":{"start":{"line":30,"column":29},"end":{"line":39,"column":null}},"11":{"start":{"line":31,"column":8},"end":{"line":31,"column":null}},"12":{"start":{"line":33,"column":2},"end":{"line":38,"column":null}},"13":{"start":{"line":34,"column":45},"end":{"line":34,"column":null}},"14":{"start":{"line":36,"column":6},"end":{"line":36,"column":null}},"15":{"start":{"line":41,"column":31},"end":{"line":50,"column":null}},"16":{"start":{"line":42,"column":8},"end":{"line":42,"column":null}},"17":{"start":{"line":44,"column":2},"end":{"line":49,"column":null}},"18":{"start":{"line":45,"column":36},"end":{"line":45,"column":null}},"19":{"start":{"line":47,"column":6},"end":{"line":47,"column":null}},"20":{"start":{"line":52,"column":33},"end":{"line":61,"column":null}},"21":{"start":{"line":53,"column":8},"end":{"line":53,"column":null}},"22":{"start":{"line":55,"column":2},"end":{"line":60,"column":null}},"23":{"start":{"line":56,"column":35},"end":{"line":56,"column":null}},"24":{"start":{"line":58,"column":6},"end":{"line":58,"column":null}}},"fnMap":{"0":{"name":"(anonymous_0)","decl":{"start":{"line":8,"column":12},"end":{"line":8,"column":18}},"loc":{"start":{"line":8,"column":18},"end":{"line":8,"column":null}},"line":8},"1":{"name":"(anonymous_1)","decl":{"start":{"line":9,"column":10},"end":{"line":9,"column":11}},"loc":{"start":{"line":9,"column":30},"end":{"line":9,"column":null}},"line":9},"2":{"name":"(anonymous_2)","decl":{"start":{"line":10,"column":10},"end":{"line":10,"column":11}},"loc":{"start":{"line":10,"column":26},"end":{"line":10,"column":null}},"line":10},"3":{"name":"(anonymous_3)","decl":{"start":{"line":14,"column":31},"end":{"line":14,"column":37}},"loc":{"start":{"line":14,"column":37},"end":{"line":19,"column":null}},"line":14},"4":{"name":"(anonymous_4)","decl":{"start":{"line":17,"column":13},"end":{"line":17,"column":19}},"loc":{"start":{"line":17,"column":19},"end":{"line":17,"column":null}},"line":17},"5":{"name":"(anonymous_5)","decl":{"start":{"line":21,"column":30},"end":{"line":21,"column":31}},"loc":{"start":{"line":21,"column":62},"end":{"line":27,"column":null}},"line":21},"6":{"name":"(anonymous_6)","decl":{"start":{"line":24,"column":13},"end":{"line":24,"column":19}},"loc":{"start":{"line":24,"column":19},"end":{"line":24,"column":null}},"line":24},"7":{"name":"(anonymous_7)","decl":{"start":{"line":30,"column":29},"end":{"line":30,"column":35}},"loc":{"start":{"line":30,"column":35},"end":{"line":39,"column":null}},"line":30},"8":{"name":"(anonymous_8)","decl":{"start":{"line":34,"column":16},"end":{"line":34,"column":17}},"loc":{"start":{"line":34,"column":45},"end":{"line":34,"column":null}},"line":34},"9":{"name":"(anonymous_9)","decl":{"start":{"line":35,"column":15},"end":{"line":35,"column":21}},"loc":{"start":{"line":35,"column":21},"end":{"line":37,"column":null}},"line":35},"10":{"name":"(anonymous_10)","decl":{"start":{"line":41,"column":31},"end":{"line":41,"column":37}},"loc":{"start":{"line":41,"column":37},"end":{"line":50,"column":null}},"line":41},"11":{"name":"(anonymous_11)","decl":{"start":{"line":45,"column":16},"end":{"line":45,"column":17}},"loc":{"start":{"line":45,"column":36},"end":{"line":45,"column":null}},"line":45},"12":{"name":"(anonymous_12)","decl":{"start":{"line":46,"column":15},"end":{"line":46,"column":21}},"loc":{"start":{"line":46,"column":21},"end":{"line":48,"column":null}},"line":46},"13":{"name":"(anonymous_13)","decl":{"start":{"line":52,"column":33},"end":{"line":52,"column":39}},"loc":{"start":{"line":52,"column":39},"end":{"line":61,"column":null}},"line":52},"14":{"name":"(anonymous_14)","decl":{"start":{"line":56,"column":16},"end":{"line":56,"column":17}},"loc":{"start":{"line":56,"column":35},"end":{"line":56,"column":null}},"line":56},"15":{"name":"(anonymous_15)","decl":{"start":{"line":57,"column":15},"end":{"line":57,"column":21}},"loc":{"start":{"line":57,"column":21},"end":{"line":59,"column":null}},"line":57}},"branchMap":{"0":{"loc":{"start":{"line":23,"column":30},"end":{"line":23,"column":42}},"type":"binary-expr","locations":[{"start":{"line":23,"column":30},"end":{"line":23,"column":40}},{"start":{"line":23,"column":40},"end":{"line":23,"column":42}}],"line":23}},"s":{"0":3,"1":11,"2":11,"3":0,"4":3,"5":11,"6":7,"7":3,"8":11,"9":7,"10":3,"11":0,"12":0,"13":0,"14":0,"15":3,"16":0,"17":0,"18":0,"19":0,"20":3,"21":0,"22":0,"23":0,"24":0},"f":{"0":11,"1":11,"2":0,"3":11,"4":7,"5":11,"6":7,"7":0,"8":0,"9":0,"10":0,"11":0,"12":0,"13":0,"14":0,"15":0},"b":{"0":[11,0]},"meta":{"lastBranch":1,"lastFunction":16,"lastStatement":25,"seen":{"s:6:24:11:Infinity":0,"f:8:12:8:18":0,"s:8:18:8:Infinity":1,"f:9:10:9:11":1,"s:9:30:9:Infinity":2,"f:10:10:10:11":2,"s:10:26:10:Infinity":3,"s:14:31:19:Infinity":4,"f:14:31:14:37":3,"s:15:2:18:Infinity":5,"f:17:13:17:19":4,"s:17:19:17:Infinity":6,"s:21:30:27:Infinity":7,"f:21:30:21:31":5,"s:22:2:26:Infinity":8,"b:23:30:23:40:23:40:23:42":0,"f:24:13:24:19":6,"s:24:19:24:Infinity":9,"s:30:29:39:Infinity":10,"f:30:29:30:35":7,"s:31:8:31:Infinity":11,"s:33:2:38:Infinity":12,"f:34:16:34:17":8,"s:34:45:34:Infinity":13,"f:35:15:35:21":9,"s:36:6:36:Infinity":14,"s:41:31:50:Infinity":15,"f:41:31:41:37":10,"s:42:8:42:Infinity":16,"s:44:2:49:Infinity":17,"f:45:16:45:17":11,"s:45:36:45:Infinity":18,"f:46:15:46:21":12,"s:47:6:47:Infinity":19,"s:52:33:61:Infinity":20,"f:52:33:52:39":13,"s:53:8:53:Infinity":21,"s:55:2:60:Infinity":22,"f:56:16:56:17":14,"s:56:35:56:Infinity":23,"f:57:15:57:21":15,"s:58:6:58:Infinity":24},"fnNames":{}}}
,"/home/phill/Dev/phillhood/blurtz/client/src/lib/queryClient.ts": {"path":"/home/phill/Dev/phillhood/blurtz/client/src/lib/queryClient.ts","statementMap":{"0":{"start":{"line":3,"column":27},"end":{"line":15,"column":null}}},"fnMap":{},"branchMap":{},"s":{"0":2},"f":{},"b":{},"meta":{"lastBranch":0,"lastFunction":0,"lastStatement":1,"seen":{"s:3:27:15:Infinity":0},"fnNames":{}}}
,"/home/phill/Dev/phillhood/blurtz/client/src/services/api.service.ts": {"path":"/home/phill/Dev/phillhood/blurtz/client/src/services/api.service.ts","statementMap":{"0":{"start":{"line":7,"column":4},"end":{"line":7,"column":null}},"1":{"start":{"line":3,"column":13},"end":{"line":3,"column":null}},"2":{"start":{"line":4,"column":13},"end":{"line":4,"column":null}},"3":{"start":{"line":5,"column":13},"end":{"line":5,"column":null}},"4":{"start":{"line":8,"column":4},"end":{"line":8,"column":null}},"5":{"start":{"line":12,"column":23},"end":{"line":18,"column":null}},"6":{"start":{"line":13,"column":2},"end":{"line":17,"column":null}},"7":{"start":{"line":14,"column":4},"end":{"line":14,"column":null}},"8":{"start":{"line":16,"column":4},"end":{"line":16,"column":null}},"9":{"start":{"line":20,"column":22},"end":{"line":45,"column":null}},"10":{"start":{"line":21,"column":15},"end":{"line":21,"column":null}},"11":{"start":{"line":23,"column":4},"end":{"line":25,"column":null}},"12":{"start":{"line":27,"column":4},"end":{"line":29,"column":null}},"13":{"start":{"line":32,"column":18},"end":{"line":34,"column":null}},"14":{"start":{"line":33,"column":31},"end":{"line":33,"column":52}},"15":{"start":{"line":36,"column":16},"end":{"line":40,"column":null}},"16":{"start":{"line":41,"column":2},"end":{"line":43,"column":null}},"17":{"start":{"line":42,"column":4},"end":{"line":42,"column":null}},"18":{"start":{"line":44,"column":2},"end":{"line":44,"column":null}},"19":{"start":{"line":47,"column":22},"end":{"line":53,"column":null}},"20":{"start":{"line":48,"column":2},"end":{"line":50,"column":null}},"21":{"start":{"line":49,"column":4},"end":{"line":49,"column":null}},"22":{"start":{"line":52,"column":2},"end":{"line":52,"column":null}},"23":{"start":{"line":55,"column":21},"end":{"line":55,"column":null}},"24":{"start":{"line":59,"column":18},"end":{"line":59,"column":null}},"25":{"start":{"line":60,"column":4},"end":{"line":63,"column":null}},"26":{"start":{"line":67,"column":21},"end":{"line":69,"column":null}},"27":{"start":{"line":71,"column":4},"end":{"line":73,"column":null}},"28":{"start":{"line":72,"column":6},"end":{"line":72,"column":null}},"29":{"start":{"line":75,"column":4},"end":{"line":75,"column":null}},"30":{"start":{"line":79,"column":21},"end":{"line":83,"column":null}},"31":{"start":{"line":85,"column":4},"end":{"line":87,"column":null}},"32":{"start":{"line":86,"column":6},"end":{"line":86,"column":null}},"33":{"start":{"line":89,"column":4},"end":{"line":89,"column":null}},"34":{"start":{"line":93,"column":25},"end":{"line":93,"column":null}}},"fnMap":{"0":{"name":"constructor","decl":{"start":{"line":2,"column":2},"end":{"line":2,"column":null}},"loc":{"start":{"line":6,"column":4},"end":{"line":9,"column":null}},"line":6},"1":{"name":"(anonymous_1)","decl":{"start":{"line":12,"column":23},"end":{"line":12,"column":30}},"loc":{"start":{"line":12,"column":71},"end":{"line":18,"column":null}},"line":12},"2":{"name":"(anonymous_2)","decl":{"start":{"line":20,"column":22},"end":{"line":20,"column":29}},"loc":{"start":{"line":20,"column":68},"end":{"line":45,"column":null}},"line":20},"3":{"name":"(anonymous_3)","decl":{"start":{"line":33,"column":24},"end":{"line":33,"column":25}},"loc":{"start":{"line":33,"column":31},"end":{"line":33,"column":52}},"line":33},"4":{"name":"(anonymous_4)","decl":{"start":{"line":47,"column":22},"end":{"line":47,"column":28}},"loc":{"start":{"line":47,"column":28},"end":{"line":53,"column":null}},"line":47},"5":{"name":"getAuthHeaders","decl":{"start":{"line":58,"column":10},"end":{"line":58,"column":40}},"loc":{"start":{"line":58,"column":40},"end":{"line":64,"column":null}},"line":58},"6":{"name":"get","decl":{"start":{"line":66,"column":8},"end":{"line":66,"column":15}},"loc":{"start":{"line":66,"column":45},"end":{"line":76,"column":null}},"line":66},"7":{"name":"post","decl":{"start":{"line":78,"column":8},"end":{"line":78,"column":16}},"loc":{"start":{"line":78,"column":58},"end":{"line":90,"column":null}},"line":78}},"branchMap":{"0":{"loc":{"start":{"line":23,"column":4},"end":{"line":25,"column":null}},"type":"cond-expr","locations":[{"start":{"line":24,"column":9},"end":{"line":24,"column":null}},{"start":{"line":25,"column":8},"end":{"line":25,"column":null}}],"line":23},"1":{"loc":{"start":{"line":23,"column":4},"end":{"line":23,"column":null}},"type":"binary-expr","locations":[{"start":{"line":23,"column":4},"end":{"line":23,"column":12}},{"start":{"line":23,"column":12},"end":{"line":23,"column":40}},{"start":{"line":23,"column":40},"end":{"line":23,"column":null}}],"line":23},"2":{"loc":{"start":{"line":27,"column":4},"end":{"line":29,"column":null}},"type":"cond-expr","locations":[{"start":{"line":28,"column":9},"end":{"line":28,"column":null}},{"start":{"line":29,"column":8},"end":{"line":29,"column":null}}],"line":27},"3":{"loc":{"start":{"line":27,"column":4},"end":{"line":27,"column":null}},"type":"binary-expr","locations":[{"start":{"line":27,"column":4},"end":{"line":27,"column":12}},{"start":{"line":27,"column":12},"end":{"line":27,"column":40}},{"start":{"line":27,"column":40},"end":{"line":27,"column":null}}],"line":27},"4":{"loc":{"start":{"line":32,"column":18},"end":{"line":34,"column":null}},"type":"cond-expr","locations":[{"start":{"line":33,"column":6},"end":{"line":33,"column":null}},{"start":{"line":34,"column":6},"end":{"line":34,"column":null}}],"line":32},"5":{"loc":{"start":{"line":39,"column":4},"end":{"line":39,"column":null}},"type":"cond-expr","locations":[{"start":{"line":39,"column":31},"end":{"line":39,"column":38}},{"start":{"line":39,"column":38},"end":{"line":39,"column":null}}],"line":39},"6":{"loc":{"start":{"line":41,"column":2},"end":{"line":43,"column":null}},"type":"if","locations":[{"start":{"line":41,"column":2},"end":{"line":43,"column":null}},{"start":{},"end":{}}],"line":41},"7":{"loc":{"start":{"line":41,"column":6},"end":{"line":41,"column":57}},"type":"binary-expr","locations":[{"start":{"line":41,"column":6},"end":{"line":41,"column":37}},{"start":{"line":41,"column":37},"end":{"line":41,"column":57}}],"line":41},"8":{"loc":{"start":{"line":48,"column":2},"end":{"line":50,"column":null}},"type":"if","locations":[{"start":{"line":48,"column":2},"end":{"line":50,"column":null}},{"start":{},"end":{}}],"line":48},"9":{"loc":{"start":{"line":62,"column":10},"end":{"line":62,"column":null}},"type":"binary-expr","locations":[{"start":{"line":62,"column":10},"end":{"line":62,"column":19}},{"start":{"line":62,"column":19},"end":{"line":62,"column":null}}],"line":62},"10":{"loc":{"start":{"line":71,"column":4},"end":{"line":73,"column":null}},"type":"if","locations":[{"start":{"line":71,"column":4},"end":{"line":73,"column":null}},{"start":{},"end":{}}],"line":71},"11":{"loc":{"start":{"line":82,"column":10},"end":{"line":82,"column":null}},"type":"binary-expr","locations":[{"start":{"line":82,"column":10},"end":{"line":82,"column":18}},{"start":{"line":82,"column":18},"end":{"line":82,"column":null}}],"line":82},"12":{"loc":{"start":{"line":85,"column":4},"end":{"line":87,"column":null}},"type":"if","locations":[{"start":{"line":85,"column":4},"end":{"line":87,"column":null}},{"start":{},"end":{}}],"line":85}},"s":{"0":12,"1":12,"2":12,"3":12,"4":12,"5":5,"6":10,"7":10,"8":1,"9":5,"10":10,"11":10,"12":10,"13":10,"14":0,"15":10,"16":10,"17":9,"18":10,"19":5,"20":5,"21":0,"22":5,"23":5,"24":10,"25":10,"26":7,"27":7,"28":7,"29":0,"30":3,"31":3,"32":3,"33":0,"34":5},"f":{"0":12,"1":10,"2":10,"3":0,"4":5,"5":10,"6":7,"7":3},"b":{"0":[9,1],"1":[10,9,9],"2":[3,7],"3":[10,9,9],"4":[0,10],"5":[3,7],"6":[9,1],"7":[10,9],"8":[0,5],"9":[10,0],"10":[7,0],"11":[3,3],"12":[3,0]},"meta":{"lastBranch":13,"lastFunction":8,"lastStatement":35,"seen":{"f:2:2:2:Infinity":0,"s:7:4:7:Infinity":0,"s:3:13:3:Infinity":1,"s:4:13:4:Infinity":2,"s:5:13:5:Infinity":3,"s:8:4:8:Infinity":4,"s:12:23:18:Infinity":5,"f:12:23:12:30":1,"s:13:2:17:Infinity":6,"s:14:4:14:Infinity":7,"s:16:4:16:Infinity":8,"s:20:22:45:Infinity":9,"f:20:22:20:29":2,"s:21:15:21:Infinity":10,"s:23:4:25:Infinity":11,"b:24:9:24:Infinity:25:8:25:Infinity":0,"b:23:4:23:12:23:12:23:40:23:40:23:Infinity":1,"s:27:4:29:Infinity":12,"b:28:9:28:Infinity:29:8:29:Infinity":2,"b:27:4:27:12:27:12:27:40:27:40:27:Infinity":3,"s:32:18:34:Infinity":13,"b:33:6:33:Infinity:34:6:34:Infinity":4,"f:33:24:33:25":3,"s:33:31:33:52":14,"s:36:16:40:Infinity":15,"b:39:31:39:38:39:38:39:Infinity":5,"b:41:2:43:Infinity:undefined:undefined:undefined:undefined":6,"s:41:2:43:Infinity":16,"b:41:6:41:37:41:37:41:57":7,"s:42:4:42:Infinity":17,"s:44:2:44:Infinity":18,"s:47:22:53:Infinity":19,"f:47:22:47:28":4,"b:48:2:50:Infinity:undefined:undefined:undefined:undefined":8,"s:48:2:50:Infinity":20,"s:49:4:49:Infinity":21,"s:52:2:52:Infinity":22,"s:55:21:55:Infinity":23,"f:58:10:58:40":5,"s:59:18:59:Infinity":24,"s:60:4:63:Infinity":25,"b:62:10:62:19:62:19:62:Infinity":9,"f:66:8:66:15":6,"s:67:21:69:Infinity":26,"b:71:4:73:Infinity:undefined:undefined:undefined:undefined":10,"s:71:4:73:Infinity":27,"s:72:6:72:Infinity":28,"s:75:4:75:Infinity":29,"f:78:8:78:16":7,"s:79:21:83:Infinity":30,"b:82:10:82:18:82:18:82:Infinity":11,"b:85:4:87:Infinity:undefined:undefined:undefined:undefined":12,"s:85:4:87:Infinity":31,"s:86:6:86:Infinity":32,"s:89:4:89:Infinity":33,"s:93:25:93:Infinity":34},"fnNames":{}}}
,"/home/phill/Dev/phillhood/blurtz/client/src/services/auth.service.ts": {"path":"/home/phill/Dev/phillhood/blurtz/client/src/services/auth.service.ts","statementMap":{"0":{"start":{"line":16,"column":4},"end":{"line":35,"column":null}},"1":{"start":{"line":17,"column":23},"end":{"line":20,"column":null}},"2":{"start":{"line":22,"column":6},"end":{"line":22,"column":null}},"3":{"start":{"line":24,"column":6},"end":{"line":33,"column":null}},"4":{"start":{"line":25,"column":8},"end":{"line":31,"column":null}},"5":{"start":{"line":26,"column":10},"end":{"line":26,"column":null}},"6":{"start":{"line":27,"column":8},"end":{"line":31,"column":null}},"7":{"start":{"line":28,"column":10},"end":{"line":28,"column":null}},"8":{"start":{"line":29,"column":8},"end":{"line":31,"column":null}},"9":{"start":{"line":30,"column":10},"end":{"line":30,"column":null}},"10":{"start":{"line":32,"column":8},"end":{"line":32,"column":null}},"11":{"start":{"line":34,"column":6},"end":{"line":34,"column":null}},"12":{"start":{"line":39,"column":4},"end":{"line":58,"column":null}},"13":{"start":{"line":40,"column":23},"end":{"line":43,"column":null}},"14":{"start":{"line":45,"column":6},"end":{"line":45,"column":null}},"15":{"start":{"line":47,"column":6},"end":{"line":56,"column":null}},"16":{"start":{"line":48,"column":8},"end":{"line":54,"column":null}},"17":{"start":{"line":49,"column":10},"end":{"line":49,"column":null}},"18":{"start":{"line":50,"column":8},"end":{"line":54,"column":null}},"19":{"start":{"line":51,"column":10},"end":{"line":51,"column":null}},"20":{"start":{"line":52,"column":8},"end":{"line":54,"column":null}},"21":{"start":{"line":53,"column":10},"end":{"line":53,"column":null}},"22":{"start":{"line":55,"column":8},"end":{"line":55,"column":null}},"23":{"start":{"line":57,"column":6},"end":{"line":57,"column":null}},"24":{"start":{"line":62,"column":4},"end":{"line":80,"column":null}},"25":{"start":{"line":63,"column":23},"end":{"line":63,"column":null}},"26":{"start":{"line":65,"column":6},"end":{"line":65,"column":null}},"27":{"start":{"line":67,"column":6},"end":{"line":78,"column":null}},"28":{"start":{"line":68,"column":8},"end":{"line":76,"column":null}},"29":{"start":{"line":71,"column":10},"end":{"line":71,"column":null}},"30":{"start":{"line":72,"column":8},"end":{"line":76,"column":null}},"31":{"start":{"line":73,"column":10},"end":{"line":73,"column":null}},"32":{"start":{"line":74,"column":8},"end":{"line":76,"column":null}},"33":{"start":{"line":75,"column":10},"end":{"line":75,"column":null}},"34":{"start":{"line":77,"column":8},"end":{"line":77,"column":null}},"35":{"start":{"line":79,"column":6},"end":{"line":79,"column":null}},"36":{"start":{"line":84,"column":27},"end":{"line":84,"column":null}}},"fnMap":{"0":{"name":"login","decl":{"start":{"line":15,"column":8},"end":{"line":15,"column":14}},"loc":{"start":{"line":15,"column":64},"end":{"line":36,"column":null}},"line":15},"1":{"name":"register","decl":{"start":{"line":38,"column":8},"end":{"line":38,"column":17}},"loc":{"start":{"line":38,"column":67},"end":{"line":59,"column":null}},"line":38},"2":{"name":"getProfile","decl":{"start":{"line":61,"column":8},"end":{"line":61,"column":36}},"loc":{"start":{"line":61,"column":36},"end":{"line":81,"column":null}},"line":61}},"branchMap":{"0":{"loc":{"start":{"line":24,"column":6},"end":{"line":33,"column":null}},"type":"if","locations":[{"start":{"line":24,"column":6},"end":{"line":33,"column":null}},{"start":{},"end":{}}],"line":24},"1":{"loc":{"start":{"line":25,"column":8},"end":{"line":31,"column":null}},"type":"if","locations":[{"start":{"line":25,"column":8},"end":{"line":31,"column":null}},{"start":{"line":27,"column":8},"end":{"line":31,"column":null}}],"line":25},"2":{"loc":{"start":{"line":27,"column":8},"end":{"line":31,"column":null}},"type":"if","locations":[{"start":{"line":27,"column":8},"end":{"line":31,"column":null}},{"start":{"line":29,"column":8},"end":{"line":31,"column":null}}],"line":27},"3":{"loc":{"start":{"line":28,"column":26},"end":{"line":28,"column":60}},"type":"binary-expr","locations":[{"start":{"line":28,"column":26},"end":{"line":28,"column":43}},{"start":{"line":28,"column":43},"end":{"line":28,"column":60}}],"line":28},"4":{"loc":{"start":{"line":29,"column":8},"end":{"line":31,"column":null}},"type":"if","locations":[{"start":{"line":29,"column":8},"end":{"line":31,"column":null}},{"start":{},"end":{}}],"line":29},"5":{"loc":{"start":{"line":32,"column":24},"end":{"line":32,"column":55}},"type":"binary-expr","locations":[{"start":{"line":32,"column":24},"end":{"line":32,"column":41}},{"start":{"line":32,"column":41},"end":{"line":32,"column":55}}],"line":32},"6":{"loc":{"start":{"line":47,"column":6},"end":{"line":56,"column":null}},"type":"if","locations":[{"start":{"line":47,"column":6},"end":{"line":56,"column":null}},{"start":{},"end":{}}],"line":47},"7":{"loc":{"start":{"line":48,"column":8},"end":{"line":54,"column":null}},"type":"if","locations":[{"start":{"line":48,"column":8},"end":{"line":54,"column":null}},{"start":{"line":50,"column":8},"end":{"line":54,"column":null}}],"line":48},"8":{"loc":{"start":{"line":50,"column":8},"end":{"line":54,"column":null}},"type":"if","locations":[{"start":{"line":50,"column":8},"end":{"line":54,"column":null}},{"start":{"line":52,"column":8},"end":{"line":54,"column":null}}],"line":50},"9":{"loc":{"start":{"line":51,"column":26},"end":{"line":51,"column":60}},"type":"binary-expr","locations":[{"start":{"line":51,"column":26},"end":{"line":51,"column":43}},{"start":{"line":51,"column":43},"end":{"line":51,"column":60}}],"line":51},"10":{"loc":{"start":{"line":52,"column":8},"end":{"line":54,"column":null}},"type":"if","locations":[{"start":{"line":52,"column":8},"end":{"line":54,"column":null}},{"start":{},"end":{}}],"line":52},"11":{"loc":{"start":{"line":55,"column":24},"end":{"line":55,"column":62}},"type":"binary-expr","locations":[{"start":{"line":55,"column":24},"end":{"line":55,"column":41}},{"start":{"line":55,"column":41},"end":{"line":55,"column":62}}],"line":55},"12":{"loc":{"start":{"line":67,"column":6},"end":{"line":78,"column":null}},"type":"if","locations":[{"start":{"line":67,"column":6},"end":{"line":78,"column":null}},{"start":{},"end":{}}],"line":67},"13":{"loc":{"start":{"line":68,"column":8},"end":{"line":76,"column":null}},"type":"if","locations":[{"start":{"line":68,"column":8},"end":{"line":76,"column":null}},{"start":{"line":72,"column":8},"end":{"line":76,"column":null}}],"line":68},"14":{"loc":{"start":{"line":72,"column":8},"end":{"line":76,"column":null}},"type":"if","locations":[{"start":{"line":72,"column":8},"end":{"line":76,"column":null}},{"start":{"line":74,"column":8},"end":{"line":76,"column":null}}],"line":72},"15":{"loc":{"start":{"line":74,"column":8},"end":{"line":76,"column":null}},"type":"if","locations":[{"start":{"line":74,"column":8},"end":{"line":76,"column":null}},{"start":{},"end":{}}],"line":74},"16":{"loc":{"start":{"line":77,"column":24},"end":{"line":77,"column":66}},"type":"binary-expr","locations":[{"start":{"line":77,"column":24},"end":{"line":77,"column":41}},{"start":{"line":77,"column":41},"end":{"line":77,"column":66}}],"line":77}},"s":{"0":1,"1":1,"2":0,"3":1,"4":1,"5":1,"6":0,"7":0,"8":0,"9":0,"10":0,"11":0,"12":1,"13":1,"14":0,"15":1,"16":1,"17":1,"18":0,"19":0,"20":0,"21":0,"22":0,"23":0,"24":3,"25":3,"26":0,"27":3,"28":3,"29":1,"30":2,"31":1,"32":1,"33":1,"34":0,"35":0,"36":3},"f":{"0":1,"1":1,"2":3},"b":{"0":[1,0],"1":[1,0],"2":[0,0],"3":[0,0],"4":[0,0],"5":[0,0],"6":[1,0],"7":[1,0],"8":[0,0],"9":[0,0],"10":[0,0],"11":[0,0],"12":[3,0],"13":[1,2],"14":[1,1],"15":[1,0],"16":[0,0]},"meta":{"lastBranch":17,"lastFunction":3,"lastStatement":37,"seen":{"f:15:8:15:14":0,"s:16:4:35:Infinity":0,"s:17:23:20:Infinity":1,"s:22:6:22:Infinity":2,"b:24:6:33:Infinity:undefined:undefined:undefined:undefined":0,"s:24:6:33:Infinity":3,"b:25:8:31:Infinity:27:8:31:Infinity":1,"s:25:8:31:Infinity":4,"s:26:10:26:Infinity":5,"b:27:8:31:Infinity:29:8:31:Infinity":2,"s:27:8:31:Infinity":6,"s:28:10:28:Infinity":7,"b:28:26:28:43:28:43:28:60":3,"b:29:8:31:Infinity:undefined:undefined:undefined:undefined":4,"s:29:8:31:Infinity":8,"s:30:10:30:Infinity":9,"s:32:8:32:Infinity":10,"b:32:24:32:41:32:41:32:55":5,"s:34:6:34:Infinity":11,"f:38:8:38:17":1,"s:39:4:58:Infinity":12,"s:40:23:43:Infinity":13,"s:45:6:45:Infinity":14,"b:47:6:56:Infinity:undefined:undefined:undefined:undefined":6,"s:47:6:56:Infinity":15,"b:48:8:54:Infinity:50:8:54:Infinity":7,"s:48:8:54:Infinity":16,"s:49:10:49:Infinity":17,"b:50:8:54:Infinity:52:8:54:Infinity":8,"s:50:8:54:Infinity":18,"s:51:10:51:Infinity":19,"b:51:26:51:43:51:43:51:60":9,"b:52:8:54:Infinity:undefined:undefined:undefined:undefined":10,"s:52:8:54:Infinity":20,"s:53:10:53:Infinity":21,"s:55:8:55:Infinity":22,"b:55:24:55:41:55:41:55:62":11,"s:57:6:57:Infinity":23,"f:61:8:61:36":2,"s:62:4:80:Infinity":24,"s:63:23:63:Infinity":25,"s:65:6:65:Infinity":26,"b:67:6:78:Infinity:undefined:undefined:undefined:undefined":12,"s:67:6:78:Infinity":27,"b:68:8:76:Infinity:72:8:76:Infinity":13,"s:68:8:76:Infinity":28,"s:71:10:71:Infinity":29,"b:72:8:76:Infinity:74:8:76:Infinity":14,"s:72:8:76:Infinity":30,"s:73:10:73:Infinity":31,"b:74:8:76:Infinity:undefined:undefined:undefined:undefined":15,"s:74:8:76:Infinity":32,"s:75:10:75:Infinity":33,"s:77:8:77:Infinity":34,"b:77:24:77:41:77:41:77:66":16,"s:79:6:79:Infinity":35,"s:84:27:84:Infinity":36},"fnNames":{}}}
,"/home/phill/Dev/phillhood/blurtz/client/src/services/game.service.ts": {"path":"/home/phill/Dev/phillhood/blurtz/client/src/services/game.service.ts","statementMap":{"0":{"start":{"line":6,"column":37},"end":{"line":8,"column":null}},"1":{"start":{"line":9,"column":4},"end":{"line":12,"column":null}},"2":{"start":{"line":10,"column":6},"end":{"line":10,"column":null}},"3":{"start":{"line":11,"column":6},"end":{"line":11,"column":null}},"4":{"start":{"line":13,"column":4},"end":{"line":13,"column":null}},"5":{"start":{"line":16,"column":37},"end":{"line":18,"column":null}},"6":{"start":{"line":19,"column":4},"end":{"line":22,"column":null}},"7":{"start":{"line":20,"column":6},"end":{"line":20,"column":null}},"8":{"start":{"line":21,"column":6},"end":{"line":21,"column":null}},"9":{"start":{"line":23,"column":4},"end":{"line":23,"column":null}},"10":{"start":{"line":26,"column":4},"end":{"line":39,"column":null}},"11":{"start":{"line":27,"column":39},"end":{"line":30,"column":null}},"12":{"start":{"line":31,"column":6},"end":{"line":34,"column":null}},"13":{"start":{"line":32,"column":8},"end":{"line":32,"column":null}},"14":{"start":{"line":33,"column":8},"end":{"line":33,"column":null}},"15":{"start":{"line":35,"column":6},"end":{"line":35,"column":null}},"16":{"start":{"line":37,"column":6},"end":{"line":37,"column":null}},"17":{"start":{"line":38,"column":6},"end":{"line":38,"column":null}},"18":{"start":{"line":42,"column":4},"end":{"line":62,"column":null}},"19":{"start":{"line":43,"column":17},"end":{"line":43,"column":null}},"20":{"start":{"line":44,"column":28},"end":{"line":44,"column":null}},"21":{"start":{"line":45,"column":6},"end":{"line":49,"column":null}},"22":{"start":{"line":46,"column":8},"end":{"line":46,"column":null}},"23":{"start":{"line":47,"column":6},"end":{"line":49,"column":null}},"24":{"start":{"line":48,"column":8},"end":{"line":48,"column":null}},"25":{"start":{"line":50,"column":39},"end":{"line":53,"column":null}},"26":{"start":{"line":54,"column":6},"end":{"line":57,"column":null}},"27":{"start":{"line":55,"column":8},"end":{"line":55,"column":null}},"28":{"start":{"line":56,"column":8},"end":{"line":56,"column":null}},"29":{"start":{"line":58,"column":6},"end":{"line":58,"column":null}},"30":{"start":{"line":60,"column":6},"end":{"line":60,"column":null}},"31":{"start":{"line":61,"column":6},"end":{"line":61,"column":null}},"32":{"start":{"line":66,"column":4},"end":{"line":66,"column":null}},"33":{"start":{"line":70,"column":27},"end":{"line":70,"column":null}}},"fnMap":{"0":{"name":"getActiveGames","decl":{"start":{"line":5,"column":8},"end":{"line":5,"column":42}},"loc":{"start":{"line":5,"column":42},"end":{"line":14,"column":null}},"line":5},"1":{"name":"getAvailableGames","decl":{"start":{"line":15,"column":8},"end":{"line":15,"column":45}},"loc":{"start":{"line":15,"column":45},"end":{"line":24,"column":null}},"line":15},"2":{"name":"createGame","decl":{"start":{"line":25,"column":8},"end":{"line":25,"column":19}},"loc":{"start":{"line":25,"column":62},"end":{"line":40,"column":null}},"line":25},"3":{"name":"joinGame","decl":{"start":{"line":41,"column":8},"end":{"line":41,"column":17}},"loc":{"start":{"line":41,"column":58},"end":{"line":63,"column":null}},"line":41},"4":{"name":"leaveGame","decl":{"start":{"line":65,"column":8},"end":{"line":65,"column":18}
[...]
oc":{"start":{"line":13,"column":40},"end":{"line":91,"column":null}},"line":13},"1":{"name":"(anonymous_1)","decl":{"start":{"line":19,"column":35},"end":{"line":19,"column":36}},"loc":{"start":{"line":19,"column":45},"end":{"line":19,"column":62}},"line":19},"2":{"name":"(anonymous_2)","decl":{"start":{"line":47,"column":24},"end":{"line":47,"column":25}},"loc":{"start":{"line":47,"column":36},"end":{"line":85,"column":13}},"line":47}},"branchMap":{"0":{"loc":{"start":{"line":15,"column":18},"end":{"line":15,"column":null}},"type":"binary-expr","locations":[{"start":{"line":15,"column":18},"end":{"line":15,"column":40}},{"start":{"line":15,"column":40},"end":{"line":15,"column":null}}],"line":15},"1":{"loc":{"start":{"line":16,"column":22},"end":{"line":16,"column":null}},"type":"binary-expr","locations":[{"start":{"line":16,"column":22},"end":{"line":16,"column":48}},{"start":{"line":16,"column":48},"end":{"line":16,"column":null}}],"line":16},"2":{"loc":{"start":{"line":54,"column":32},"end":{"line":54,"column":null}},"type":"cond-expr","locations":[{"start":{"line":54,"column":44},"end":{"line":54,"column":50}},{"start":{"line":54,"column":50},"end":{"line":54,"column":null}}],"line":54},"3":{"loc":{"start":{"line":59,"column":21},"end":{"line":59,"column":null}},"type":"binary-expr","locations":[{"start":{"line":59,"column":21},"end":{"line":59,"column":34}},{"start":{"line":59,"column":34},"end":{"line":59,"column":null}}],"line":59},"4":{"loc":{"start":{"line":68,"column":29},"end":{"line":68,"column":null}},"type":"cond-expr","locations":[{"start":{"line":68,"column":53},"end":{"line":68,"column":65}},{"start":{"line":68,"column":65},"end":{"line":68,"column":null}}],"line":68},"5":{"loc":{"start":{"line":72,"column":21},"end":{"line":72,"column":null}},"type":"cond-expr","locations":[{"start":{"line":72,"column":45},"end":{"line":72,"column":71}},{"start":{"line":72,"column":71},"end":{"line":72,"column":null}}],"line":72}},"s":{"0":2,"1":0,"2":0,"3":0,"4":0,"5":0,"6":0,"7":0,"8":0},"f":{"0":0,"1":0,"2":0},"b":{"0":[0,0],"1":[0,0],"2":[0,0],"3":[0,0],"4":[0,0],"5":[0,0]},"meta":{"lastBranch":6,"lastFunction":3,"lastStatement":9,"seen":{"s:13:34:91:Infinity":0,"f:13:34:13:40":0,"s:14:35:14:Infinity":1,"s:15:18:15:Infinity":2,"b:15:18:15:40:15:40:15:Infinity":0,"s:16:22:16:Infinity":3,"b:16:22:16:48:16:48:16:Infinity":1,"s:19:17:19:Infinity":4,"f:19:35:19:36":1,"s:19:45:19:62":5,"s:21:2:89:Infinity":6,"f:47:24:47:25":2,"s:48:32:48:Infinity":7,"s:49:14:83:Infinity":8,"b:54:44:54:50:54:50:54:Infinity":2,"b:59:21:59:34:59:34:59:Infinity":3,"b:68:53:68:65:68:65:68:Infinity":4,"b:72:45:72:71:72:71:72:Infinity":5},"fnNames":{}}}
,"/home/phill/Dev/phillhood/blurtz/client/src/views/game/components/StartGameButton.tsx": {"path":"/home/phill/Dev/phillhood/blurtz/client/src/views/game/components/StartGameButton.tsx","statementMap":{"0":{"start":{"line":25,"column":56},"end":{"line":78,"column":null}},"1":{"start":{"line":34,"column":19},"end":{"line":34,"column":null}},"2":{"start":{"line":37,"column":2},"end":{"line":45,"column":null}},"3":{"start":{"line":38,"column":4},"end":{"line":43,"column":null}},"4":{"start":{"line":47,"column":2},"end":{"line":76,"column":null}}},"fnMap":{"0":{"name":"(anonymous_0)","decl":{"start":{"line":25,"column":56},"end":{"line":25,"column":57}},"loc":{"start":{"line":33,"column":6},"end":{"line":78,"column":null}},"line":33}},"branchMap":{"0":{"loc":{"start":{"line":27,"column":2},"end":{"line":27,"column":null}},"type":"default-arg","locations":[{"start":{"line":27,"column":13},"end":{"line":27,"column":null}}],"line":27},"1":{"loc":{"start":{"line":31,"column":2},"end":{"line":31,"column":null}},"type":"default-arg","locations":[{"start":{"line":31,"column":10},"end":{"line":31,"column":null}}],"line":31},"2":{"loc":{"start":{"line":32,"column":2},"end":{"line":32,"column":null}},"type":"default-arg","locations":[{"start":{"line":32,"column":17},"end":{"line":32,"column":null}}],"line":32},"3":{"loc":{"start":{"line":34,"column":19},"end":{"line":34,"column":null}},"type":"binary-expr","locations":[{"start":{"line":34,"column":19},"end":{"line":34,"column":39}},{"start":{"line":34,"column":39},"end":{"line":34,"column":69}},{"start":{"line":34,"column":69},"end":{"line":34,"column":null}}],"line":34},"4":{"loc":{"start":{"line":37,"column":2},"end":{"line":45,"column":null}},"type":"if","locations":[{"start":{"line":37,"column":2},"end":{"line":45,"column":null}},{"start":{},"end":{}}],"line":37},"5":{"loc":{"start":{"line":37,"column":6},"end":{"line":37,"column":65}},"type":"binary-expr","locations":[{"start":{"line":37,"column":6},"end":{"line":37,"column":17}},{"start":{"line":37,"column":17},"end":{"line":37,"column":37}},{"start":{"line":37,"column":37},"end":{"line":37,"column":65}}],"line":37},"6":{"loc":{"start":{"line":51,"column":18},"end":{"line":51,"column":null}},"type":"binary-expr","locations":[{"start":{"line":51,"column":18},"end":{"line":51,"column":30}},{"start":{"line":51,"column":30},"end":{"line":51,"column":null}}],"line":51},"7":{"loc":{"start":{"line":54,"column":27},"end":{"line":54,"column":null}},"type":"cond-expr","locations":[{"start":{"line":54,"column":38},"end":{"line":54,"column":50}},{"start":{"line":54,"column":50},"end":{"line":54,"column":null}}],"line":54},"8":{"loc":{"start":{"line":60,"column":18},"end":{"line":60,"column":null}},"type":"cond-expr","locations":[{"start":{"line":60,"column":42},"end":{"line":60,"column":54}},{"start":{"line":60,"column":54},"end":{"line":60,"column":null}}],"line":60},"9":{"loc":{"start":{"line":60,"column":18},"end":{"line":60,"column":42}},"type":"binary-expr","locations":[{"start":{"line":60,"column":18},"end":{"line":60,"column":30}},{"start":{"line":60,"column":30},"end":{"line":60,"column":42}}],"line":60},"10":{"loc":{"start":{"line":61,"column":19},"end":{"line":61,"column":null}},"type":"cond-expr","locations":[{"start":{"line":61,"column":43},"end":{"line":61,"column":47}},{"start":{"line":61,"column":47},"end":{"line":61,"column":null}}],"line":61},"11":{"loc":{"start":{"line":61,"column":19},"end":{"line":61,"column":43}},"type":"binary-expr","locations":[{"start":{"line":61,"column":19},"end":{"line":61,"column":31}},{"start":{"line":61,"column":31},"end":{"line":61,"column":43}}],"line":61},"12":{"loc":{"start":{"line":63,"column":21},"end":{"line":63,"column":null}},"type":"cond-expr","locations":[{"start":{"line":63,"column":32},"end":{"line":63,"column":71}},{"start":{"line":63,"column":71},"end":{"line":63,"column":null}}],"line":63},"13":{"loc":{"start":{"line":66,"column":9},"end":{"line":68,"column":null}},"type":"cond-expr","locations":[{"start":{"line":67,"column":12},"end":{"line":67,"column":null}},{"start":{"line":68,"column":12},"end":{"line":68,"column":null}}],"line":66},"14":{"loc":{"start":{"line":71,"column":7},"end":{"line":74,"column":null}},"type":"binary-expr","locations":[{"start":{"line":71,"column":7},"end":{"line":71,"column":null}},{"start":{"line":72,"column":8},"end":{"line":74,"column":null}}],"line":71}},"s":{"0":2,"1":0,"2":0,"3":0,"4":0},"f":{"0":0},"b":{"0":[0],"1":[0],"2":[0],"3":[0,0,0],"4":[0,0],"5":[0,0,0],"6":[0,0],"7":[0,0],"8":[0,0],"9":[0,0],"10":[0,0],"11":[0,0],"12":[0,0],"13":[0,0],"14":[0,0]},"meta":{"lastBranch":15,"lastFunction":1,"lastStatement":5,"seen":{"s:25:56:78:Infinity":0,"f:25:56:25:57":0,"b:27:13:27:Infinity":0,"b:31:10:31:Infinity":1,"b:32:17:32:Infinity":2,"s:34:19:34:Infinity":1,"b:34:19:34:39:34:39:34:69:34:69:34:Infinity":3,"b:37:2:45:Infinity:undefined:undefined:undefined:undefined":4,"s:37:2:45:Infinity":2,"b:37:6:37:17:37:17:37:37:37:37:37:65":5,"s:38:4:43:Infinity":3,"s:47:2:76:Infinity":4,"b:51:18:51:30:51:30:51:Infinity":6,"b:54:38:54:50:54:50:54:Infinity":7,"b:60:42:60:54:60:54:60:Infinity":8,"b:60:18:60:30:60:30:60:42":9,"b:61:43:61:47:61:47:61:Infinity":10,"b:61:19:61:31:61:31:61:43":11,"b:63:32:63:71:63:71:63:Infinity":12,"b:67:12:67:Infinity:68:12:68:Infinity":13,"b:71:7:71:Infinity:72:8:74:Infinity":14},"fnNames":{}}}
,"/home/phill/Dev/phillhood/blurtz/client/src/views/game/components/WorkPilesComponent.tsx": {"path":"/home/phill/Dev/phillhood/blurtz/client/src/views/game/components/WorkPilesComponent.tsx","statementMap":{"0":{"start":{"line":17,"column":62},"end":{"line":90,"column":null}},"1":{"start":{"line":24,"column":17},"end":{"line":24,"column":null}},"2":{"start":{"line":25,"column":19},"end":{"line":25,"column":null}},"3":{"start":{"line":28,"column":2},"end":{"line":30,"column":null}},"4":{"start":{"line":29,"column":4},"end":{"line":29,"column":null}},"5":{"start":{"line":32,"column":2},"end":{"line":88,"column":null}},"6":{"start":{"line":47,"column":24},"end":{"line":47,"column":null}},"7":{"start":{"line":50,"column":41},"end":{"line":50,"column":null}},"8":{"start":{"line":51,"column":31},"end":{"line":51,"column":null}},"9":{"start":{"line":53,"column":12},"end":{"line":53,"column":null}},"10":{"start":{"line":54,"column":34},"end":{"line":54,"column":null}},"11":{"start":{"line":56,"column":10},"end":{"line":84,"column":null}},"12":{"start":{"line":63,"column":37},"end":{"line":63,"column":null}},"13":{"start":{"line":77,"column":36},"end":{"line":77,"column":null}},"14":{"start":{"line":97,"column":5},"end":{"line":130,"column":null}},"15":{"start":{"line":98,"column":37},"end":{"line":101,"column":null}},"16":{"start":{"line":105,"column":4},"end":{"line":105,"column":null}},"17":{"start":{"line":107,"column":2},"end":{"line":128,"column":null}}},"fnMap":{"0":{"name":"(anonymous_0)","decl":{"start":{"line":17,"column":62},"end":{"line":17,"column":63}},"loc":{"start":{"line":23,"column":6},"end":{"line":90,"column":null}},"line":23},"1":{"name":"(anonymous_1)","decl":{"start":{"line":42,"column":23},"end":{"line":42,"column":24}},"loc":{"start":{"line":42,"column":40},"end":{"line":86,"column":9}},"line":42},"2":{"name":"(anonymous_2)","decl":{"start":{"line":63,"column":27},"end":{"line":63,"column":28}},"loc":{"start":{"line":63,"column":37},"end":{"line":63,"column":null}},"line":63},"3":{"name":"(anonymous_3)","decl":{"start":{"line":74,"column":46},"end":{"line":74,"column":52}},"loc":{"start":{"line":74,"column":52},"end":{"line":74,"column":57}},"line":74},"4":{"name":"(anonymous_4)","decl":{"start":{"line":77,"column":26},"end":{"line":77,"column":27}},"loc":{"start":{"line":77,"column":36},"end":{"line":77,"column":null}},"line":77},"5":{"name":"(anonymous_5)","decl":{"start":{"line":97,"column":5},"end":{"line":97,"column":6}},"loc":{"start":{"line":97,"column":50},"end":{"line":130,"column":null}},"line":97}},"branchMap":{"0":{"loc":{"start":{"line":28,"column":2},"end":{"line":30,"column":null}},"type":"if","locations":[{"start":{"line":28,"column":2},"end":{"line":30,"column":null}},{"start":{},"end":{}}],"line":28},"1":{"loc":{"start":{"line":28,"column":6},"end":{"line":28,"column":44}},"type":"binary-expr","locations":[{"start":{"line":28,"column":6},"end":{"line":28,"column":20}},{"start":{"line":28,"column":20},"end":{"line":28,"column":44}}],"line":28},"2":{"loc":{"start":{"line":53,"column":12},"end":{"line":53,"column":null}},"type":"binary-expr","locations":[{"start":{"line":53,"column":12},"end":{"line":53,"column":38}},{"start":{"line":53,"column":38},"end":{"line":53,"column":null}}],"line":53},"3":{"loc":{"start":{"line":54,"column":34},"end":{"line":54,"column":null}},"type":"binary-expr","locations":[{"start":{"line":54,"column":34},"end":{"line":54,"column":56}},{"start":{"line":54,"column":56},"end":{"line":54,"column":null}}],"line":54},"4":{"loc":{"start":{"line":59,"column":15},"end":{"line":65,"column":null}},"type":"binary-expr","locations":[{"start":{"line":59,"column":15},"end":{"line":59,"column":null}},{"start":{"line":60,"column":16},"end":{"line":65,"column":null}}],"line":59},"5":{"loc":{"start":{"line":68,"column":15},"end":{"line":82,"column":null}},"type":"binary-expr","locations":[{"start":{"line":68,"column":15},"end":{"line":68,"column":null}},{"start":{"line":69,"column":16},"end":{"line":82,"column":null}}],"line":68},"6":{"loc":{"start":{"line":74,"column":28},"end":{"line":74,"column":null}},"type":"cond-expr","locations":[{"start":{"line":74,"column":46},"end":{"line":74,"column":57}},{"start":{"line":74,"column":57},"end":{"line":74,"column":null}}],"line":74},"7":{"loc":{"start":{"line":76,"column":22},"end":{"line":78,"column":null}},"type":"cond-expr","locations":[{"start":{"line":77,"column":26},"end":{"line":77,"column":null}},{"start":{"line":78,"column":26},"end":{"line":78,"column":null}}],"line":76},"8":{"loc":{"start":{"line":105,"column":4},"end":{"line":105,"column":null}},"type":"cond-expr","locations":[{"start":{"line":105,"column":23},"end":{"line":105,"column":74}},{"start":{"line":105,"column":74},"end":{"line":105,"column":null}}],"line":105},"9":{"loc":{"start":{"line":105,"column":4},"end":{"line":105,"column":23}},"type":"binary-expr","locations":[{"start":{"line":105,"column":4},"end":{"line":105,"column":14}},{"start":{"line":105,"column":14},"end":{"line":105,"column":23}}],"line":105},"10":{"loc":{"start":{"line":120,"column":25},"end":{"line":122,"column":null}},"type":"cond-expr","locations":[{"start":{"line":121,"column":12},"end":{"line":121,"column":null}},{"start":{"line":122,"column":12},"end":{"line":122,"column":null}}],"line":120},"11":{"loc":{"start":{"line":123,"column":16},"end":{"line":123,"column":null}},"type":"cond-expr","locations":[{"start":{"line":123,"column":30},"end":{"line":123,"column":53}},{"start":{"line":123,"column":53},"end":{"line":123,"column":null}}],"line":123},"12":{"loc":{"start":{"line":125,"column":17},"end":{"line":125,"column":null}},"type":"cond-expr","locations":[{"start":{"line":125,"column":27},"end":{"line":125,"column":31}},{"start":{"line":125,"column":31},"end":{"line":125,"column":null}}],"line":125}},"s":{"0":2,"1":0,"2":0,"3":0,"4":0,"5":0,"6":0,"7":0,"8":0,"9":0,"10":0,"11":0,"12":0,"13":0,"14":2,"15":0,"16":0,"17":0},"f":{"0":0,"1":0,"2":0,"3":0,"4":0,"5":0},"b":{"0":[0,0],"1":[0,0],"2":[0,0],"3":[0,0],"4":[0,0],"5":[0,0],"6":[0,0],"7":[0,0],"8":[0,0],"9":[0,0],"10":[0,0],"11":[0,0],"12":[0,0]},"meta":{"lastBranch":13,"lastFunction":6,"lastStatement":18,"seen":{"s:17:62:90:Infinity":0,"f:17:62:17:63":0,"s:24:17:24:Infinity":1,"s:25:19:25:Infinity":2,"b:28:2:30:Infinity:undefined:undefined:undefined:undefined":0,"s:28:2:30:Infinity":3,"b:28:6:28:20:28:20:28:44":1,"s:29:4:29:Infinity":4,"s:32:2:88:Infinity":5,"f:42:23:42:24":1,"s:47:24:47:Infinity":6,"s:50:41:50:Infinity":7,"s:51:31:51:Infinity":8,"s:53:12:53:Infinity":9,"b:53:12:53:38:53:38:53:Infinity":2,"s:54:34:54:Infinity":10,"b:54:34:54:56:54:56:54:Infinity":3,"s:56:10:84:Infinity":11,"b:59:15:59:Infinity:60:16:65:Infinity":4,"f:63:27:63:28":2,"s:63:37:63:Infinity":12,"b:68:15:68:Infinity:69:16:82:Infinity":5,"b:74:46:74:57:74:57:74:Infinity":6,"f:74:46:74:52":3,"b:77:26:77:Infinity:78:26:78:Infinity":7,"f:77:26:77:27":4,"s:77:36:77:Infinity":13,"s:97:5:130:Infinity":14,"f:97:5:97:6":5,"s:98:37:101:Infinity":15,"s:105:4:105:Infinity":16,"b:105:23:105:74:105:74:105:Infinity":8,"b:105:4:105:14:105:14:105:23":9,"s:107:2:128:Infinity":17,"b:121:12:121:Infinity:122:12:122:Infinity":10,"b:123:30:123:53:123:53:123:Infinity":11,"b:125:27:125:31:125:31:125:Infinity":12},"fnNames":{}}}
,"/home/phill/Dev/phillhood/blurtz/client/src/views/game/components/index.ts": {"path":"/home/phill/Dev/phillhood/blurtz/client/src/views/game/components/index.ts","statementMap":{},"fnMap":{},"branchMap":{},"s":{},"f":{},"b":{},"meta":{"lastBranch":0,"lastFunction":0,"lastStatement":0,"seen":{},"fnNames":{}}}
,"/home/phill/Dev/phillhood/blurtz/client/src/views/game/hooks/usePendingMoveCards.ts": {"path":"/home/phill/Dev/phillhood/blurtz/client/src/views/game/hooks/usePendingMoveCards.ts","statementMap":{"0":{"start":{"line":12,"column":39},"end":{"line":12,"column":null}},"1":{"start":{"line":23,"column":50},"end":{"line":25,"column":null}},"2":{"start":{"line":26,"column":8},"end":{"line":26,"column":null}},"3":{"start":{"line":28,"column":8},"end":{"line":33,"column":null}},"4":{"start":{"line":29,"column":4},"end":{"line":32,"column":null}},"5":{"start":{"line":30,"column":6},"end":{"line":30,"column":null}},"6":{"start":{"line":31,"column":6},"end":{"line":31,"column":null}},"7":{"start":{"line":35,"column":8},"end":{"line":46,"column":null}},"8":{"start":{"line":37,"column":6},"end":{"line":37,"column":null}},"9":{"start":{"line":39,"column":6},"end":{"line":39,"column":null}},"10":{"start":{"line":40,"column":6},"end":{"line":43,"column":null}},"11":{"start":{"line":41,"column":8},"end":{"line":41,"column":null}},"12":{"start":{"line":42,"column":8},"end":{"line":42,"column":null}},"13":{"start":{"line":50,"column":2},"end":{"line":53,"column":null}},"14":{"start":{"line":51,"column":4},"end":{"line":51,"column":null}},"15":{"start":{"line":52,"column":4},"end":{"line":52,"column":null}},"16":{"start":{"line":52,"column":40},"end":{"line":52,"column":79}},"17":{"start":{"line":55,"column":2},"end":{"line":55,"column":null}},"18":{"start":{"line":55,"column":18},"end":{"line":55,"column":30}},"19":{"start":{"line":57,"column":2},"end":{"line":57,"column":null}}},"fnMap":{"0":{"name":"usePendingMoveCards","decl":{"start":{"line":22,"column":16},"end":{"line":22,"column":36}},"loc":{"start":{"line":22,"column":56},"end":{"line":58,"column":null}},"line":22},"1":{"name":"(anonymous_1)","decl":{"start":{"line":28,"column":33},"end":{"line":28,"column":39}},"loc":{"start":{"line":28,"column":39},"end":{"line":33,"column":5}},"line":28},"2":{"name":"(anonymous_2)","decl":{"start":{"line":36,"column":4},"end":{"line":36,"column":5}},"loc":{"start":{"line":36,"column":27},"end":{"line":44,"column":null}},"line":36},"3":{"name":"(anonymous_3)","decl":{"start":{"line":40,"column":36},"end":{"line":40,"column":42}},"loc":{"start":{"line":40,"column":42},"end":{"line":43,"column":9}},"line":40},"4":{"name":"(anonymous_4)","decl":{"start":{"line":50,"column":12},"end":{"line":50,"column":18}},"loc":{"start":{"line":50,"column":18},"end":{"line":53,"column":5}},"line":50},"5":{"name":"(anonymous_5)","decl":{"start":{"line":52,"column":26},"end":{"line":52,"column":27}},"loc":{"start":{"line":52,"column":40},"end":{"line":52,"column":79}},"line":52},"6":{"name":"(anonymous_6)","decl":{"start":{"line":55,"column":12},"end":{"line":55,"column":18}},"loc":{"start":{"line":55,"column":18},"end":{"line":55,"column":30}},"line":55}},"branchMap":{"0":{"loc":{"start":{"line":29,"column":4},"end":{"line":32,"column":null}},"type":"if","locations":[{"start":{"line":29,"column":4},"end":{"line":32,"column":null}},{"start":{},"end":{}}],"line":29},"1":{"loc":{"start":{"line":52,"column":40},"end":{"line":52,"column":79}},"type":"cond-expr","locations":[{"start":{"line":52,"column":59},"end":{"line":52,"column":71}},{"start":{"line":52,"column":71},"end":{"line":52,"column":79}}],"line":52}},"s":{"0":3,"1":38,"2":38,"3":38,"4":41,"5":7,"6":7,"7":38,"8":8,"9":8,"10":8,"11":1,"12":1,"13":38,"14":19,"15":19,"16":19,"17":38,"18":14,"19":38},"f":{"0":38,"1":41,"2":8,"3":1,"4":19,"5":19,"6":14},"b":{"0":[7,34],"1":[2,17]},"meta":{"lastBranch":2,"lastFunction":7,"lastStatement":20,"seen":{"s:12:39:12:Infinity":0,"f:22:16:22:36":0,"s:23:50:25:Infinity":1,"s:26:8:26:Infinity":2,"s:28:8:33:Infinity":3,"f:28:33:28:39":1,"b:29:4:32:Infinity:undefined:undefined:undefined:undefined":0,"s:29:4:32:Infinity":4,"s:30:6:30:Infinity":5,"s:31:6:31:Infinity":6,"s:35:8:46:Infinity":7,"f:36:4:36:5":2,"s:37:6:37:Infinity":8,"s:39:6:39:Infinity":9,"s:40:6:43:Infinity":10,"f:40:36:40:42":3,"s:41:8:41:Infinity":11,"s:42:8:42:Infinity":12,"s:50:2:53:Infinity":13,"f:50:12:50:18":4,"s:51:4:51:Infinity":14,"s:52:4:52:Infinity":15,"f:52:26:52:27":5,"s:52:40:52:79":16,"b:52:59:52:71:52:71:52:79":1,"s:55:2:55:Infinity":17,"f:55:12:55:18":6,"s:55:18:55:30":18,"s:57:2:57:Infinity":19},"fnNames":{}}}
}
